{"/Users/andreasolausson/DataAnnotation/Raven/Polydraw/Leaflet.Polydraw/src/buttons.ts": {"path":"/Users/andreasolausson/DataAnnotation/Raven/Polydraw/Leaflet.Polydraw/src/buttons.ts","statementMap":{"0":{"start":{"line":14,"column":0},"end":{"line":14,"column":16}},"1":{"start":{"line":1,"column":0},"end":{"line":1,"column":29}},"2":{"start":{"line":15,"column":19},"end":{"line":15,"column":68}},"3":{"start":{"line":16,"column":2},"end":{"line":16,"column":22}},"4":{"start":{"line":17,"column":2},"end":{"line":17,"column":30}},"5":{"start":{"line":18,"column":2},"end":{"line":18,"column":1016}},"6":{"start":{"line":20,"column":2},"end":{"line":20,"column":92}},"7":{"start":{"line":22,"column":15},"end":{"line":22,"column":63}},"8":{"start":{"line":23,"column":2},"end":{"line":23,"column":18}},"9":{"start":{"line":24,"column":2},"end":{"line":24,"column":22}},"10":{"start":{"line":25,"column":2},"end":{"line":25,"column":724}},"11":{"start":{"line":26,"column":2},"end":{"line":26,"column":79}},"12":{"start":{"line":28,"column":19},"end":{"line":28,"column":71}},"13":{"start":{"line":29,"column":2},"end":{"line":29,"column":22}},"14":{"start":{"line":30,"column":2},"end":{"line":30,"column":30}},"15":{"start":{"line":31,"column":2},"end":{"line":31,"column":530}},"16":{"start":{"line":32,"column":2},"end":{"line":32,"column":91}},"17":{"start":{"line":34,"column":16},"end":{"line":34,"column":65}},"18":{"start":{"line":35,"column":2},"end":{"line":35,"column":19}},"19":{"start":{"line":36,"column":2},"end":{"line":36,"column":28}},"20":{"start":{"line":37,"column":2},"end":{"line":52,"column":8}},"21":{"start":{"line":53,"column":2},"end":{"line":53,"column":82}},"22":{"start":{"line":55,"column":16},"end":{"line":55,"column":65}},"23":{"start":{"line":56,"column":2},"end":{"line":56,"column":19}},"24":{"start":{"line":57,"column":2},"end":{"line":57,"column":24}},"25":{"start":{"line":58,"column":2},"end":{"line":58,"column":165}},"26":{"start":{"line":59,"column":2},"end":{"line":59,"column":82}},"27":{"start":{"line":61,"column":15},"end":{"line":61,"column":63}},"28":{"start":{"line":62,"column":2},"end":{"line":62,"column":18}},"29":{"start":{"line":63,"column":2},"end":{"line":63,"column":22}},"30":{"start":{"line":64,"column":2},"end":{"line":64,"column":206}},"31":{"start":{"line":65,"column":2},"end":{"line":65,"column":79}}},"fnMap":{"0":{"name":"createButtons","decl":{"start":{"line":14,"column":16},"end":{"line":14,"column":29}},"loc":{"start":{"line":14,"column":240},"end":{"line":66,"column":1}}}},"branchMap":{},"s":{"0":1,"1":1,"2":3,"3":3,"4":3,"5":3,"6":3,"7":3,"8":3,"9":3,"10":3,"11":3,"12":3,"13":3,"14":3,"15":3,"16":3,"17":3,"18":3,"19":3,"20":3,"21":3,"22":3,"23":3,"24":3,"25":3,"26":3,"27":3,"28":3,"29":3,"30":3,"31":3},"f":{"0":3},"b":{}}
,"/Users/andreasolausson/DataAnnotation/Raven/Polydraw/Leaflet.Polydraw/src/enums.ts": {"path":"/Users/andreasolausson/DataAnnotation/Raven/Polydraw/Leaflet.Polydraw/src/enums.ts","statementMap":{"0":{"start":{"line":5,"column":0},"end":{"line":5,"column":null}},"1":{"start":{"line":6,"column":4},"end":{"line":6,"column":null}},"2":{"start":{"line":7,"column":4},"end":{"line":7,"column":null}},"3":{"start":{"line":8,"column":4},"end":{"line":8,"column":null}},"4":{"start":{"line":9,"column":4},"end":{"line":9,"column":null}},"5":{"start":{"line":10,"column":4},"end":{"line":10,"column":null}},"6":{"start":{"line":11,"column":4},"end":{"line":11,"column":null}},"7":{"start":{"line":18,"column":0},"end":{"line":18,"column":null}},"8":{"start":{"line":19,"column":4},"end":{"line":19,"column":null}},"9":{"start":{"line":20,"column":4},"end":{"line":20,"column":null}},"10":{"start":{"line":21,"column":4},"end":{"line":21,"column":null}},"11":{"start":{"line":22,"column":4},"end":{"line":22,"column":null}},"12":{"start":{"line":23,"column":4},"end":{"line":23,"column":null}},"13":{"start":{"line":24,"column":4},"end":{"line":24,"column":null}},"14":{"start":{"line":25,"column":4},"end":{"line":25,"column":null}},"15":{"start":{"line":26,"column":4},"end":{"line":26,"column":null}}},"fnMap":{"0":{"name":"(anonymous_0)","decl":{"start":{"line":5,"column":0},"end":{"line":5,"column":12}},"loc":{"start":{"line":5,"column":20},"end":{"line":12,"column":1}}},"1":{"name":"(anonymous_1)","decl":{"start":{"line":18,"column":0},"end":{"line":18,"column":12}},"loc":{"start":{"line":18,"column":26},"end":{"line":29,"column":1}}}},"branchMap":{"0":{"loc":{"start":{"line":5,"column":12},"end":{"line":5,"column":null}},"type":"binary-expr","locations":[{"start":{"line":5,"column":12},"end":{"line":5,"column":20}},{"start":{"line":5,"column":20},"end":{"line":5,"column":null}}]},"1":{"loc":{"start":{"line":18,"column":12},"end":{"line":18,"column":null}},"type":"binary-expr","locations":[{"start":{"line":18,"column":12},"end":{"line":18,"column":26}},{"start":{"line":18,"column":26},"end":{"line":18,"column":null}}]}},"s":{"0":2,"1":2,"2":2,"3":2,"4":2,"5":2,"6":2,"7":2,"8":2,"9":2,"10":2,"11":2,"12":2,"13":2,"14":2,"15":2},"f":{"0":2,"1":2},"b":{"0":[2,2],"1":[2,2]}}
,"/Users/andreasolausson/DataAnnotation/Raven/Polydraw/Leaflet.Polydraw/src/icon-factory.ts": {"path":"/Users/andreasolausson/DataAnnotation/Raven/Polydraw/Leaflet.Polydraw/src/icon-factory.ts","statementMap":{"0":{"start":{"line":1,"column":0},"end":{"line":1,"column":29}},"1":{"start":{"line":14,"column":24},"end":{"line":14,"column":44}},"2":{"start":{"line":15,"column":8},"end":{"line":15,"column":50}},"3":{"start":{"line":6,"column":0},"end":{"line":6,"column":13}}},"fnMap":{"0":{"name":"(anonymous_9)","decl":{"start":{"line":13,"column":4},"end":{"line":13,"column":10}},"loc":{"start":{"line":13,"column":45},"end":{"line":16,"column":5}}}},"branchMap":{},"s":{"0":1,"1":0,"2":0,"3":1},"f":{"0":0},"b":{}}
,"/Users/andreasolausson/DataAnnotation/Raven/Polydraw/Leaflet.Polydraw/src/map-state.ts": {"path":"/Users/andreasolausson/DataAnnotation/Raven/Polydraw/Leaflet.Polydraw/src/map-state.ts","statementMap":{"0":{"start":{"line":8,"column":10},"end":{"line":8,"column":null}},"1":{"start":{"line":9,"column":10},"end":{"line":9,"column":null}},"2":{"start":{"line":16,"column":4},"end":{"line":16,"column":37}},"3":{"start":{"line":16,"column":18},"end":{"line":16,"column":37}},"4":{"start":{"line":17,"column":4},"end":{"line":17,"column":37}},"5":{"start":{"line":21,"column":4},"end":{"line":25,"column":5}},"6":{"start":{"line":22,"column":6},"end":{"line":24,"column":7}},"7":{"start":{"line":23,"column":8},"end":{"line":23,"column":21}},"8":{"start":{"line":35,"column":4},"end":{"line":35,"column":19}},"9":{"start":{"line":36,"column":4},"end":{"line":36,"column":26}},"10":{"start":{"line":7,"column":0},"end":{"line":7,"column":13}}},"fnMap":{"0":{"name":"(anonymous_0)","decl":{"start":{"line":11,"column":2},"end":{"line":11,"column":17}},"loc":{"start":{"line":11,"column":2},"end":{"line":11,"column":18}}},"1":{"name":"(anonymous_1)","decl":{"start":{"line":15,"column":2},"end":{"line":15,"column":14}},"loc":{"start":{"line":15,"column":45},"end":{"line":18,"column":3}}},"2":{"name":"(anonymous_2)","decl":{"start":{"line":20,"column":10},"end":{"line":20,"column":24}},"loc":{"start":{"line":20,"column":24},"end":{"line":26,"column":3}}},"3":{"name":"(anonymous_3)","decl":{"start":{"line":34,"column":2},"end":{"line":34,"column":16}},"loc":{"start":{"line":34,"column":27},"end":{"line":37,"column":3}}},"4":{"name":"(anonymous_4)","decl":{"start":{"line":43,"column":2},"end":{"line":43,"column":16}},"loc":{"start":{"line":43,"column":40},"end":{"line":45,"column":3}}}},"branchMap":{"0":{"loc":{"start":{"line":16,"column":4},"end":{"line":16,"column":37}},"type":"if","locations":[{"start":{"line":16,"column":4},"end":{"line":16,"column":37}},{"start":{},"end":{}}]},"1":{"loc":{"start":{"line":21,"column":4},"end":{"line":25,"column":5}},"type":"if","locations":[{"start":{"line":21,"column":4},"end":{"line":25,"column":5}},{"start":{},"end":{}}]}},"s":{"0":10,"1":10,"2":0,"3":0,"4":0,"5":1,"6":1,"7":0,"8":1,"9":1,"10":3},"f":{"0":10,"1":0,"2":1,"3":1,"4":1},"b":{"0":[0,0],"1":[1,0]}}
,"/Users/andreasolausson/DataAnnotation/Raven/Polydraw/Leaflet.Polydraw/src/polydraw.ts": {"path":"/Users/andreasolausson/DataAnnotation/Raven/Polydraw/Leaflet.Polydraw/src/polydraw.ts","statementMap":{"0":{"start":{"line":5,"column":0},"end":{"line":5,"column":29}},"1":{"start":{"line":6,"column":0},"end":{"line":6,"column":42}},"2":{"start":{"line":7,"column":0},"end":{"line":7,"column":51}},"3":{"start":{"line":8,"column":0},"end":{"line":8,"column":43}},"4":{"start":{"line":9,"column":0},"end":{"line":9,"column":42}},"5":{"start":{"line":10,"column":0},"end":{"line":10,"column":74}},"6":{"start":{"line":11,"column":0},"end":{"line":11,"column":46}},"7":{"start":{"line":13,"column":0},"end":{"line":13,"column":65}},"8":{"start":{"line":14,"column":0},"end":{"line":14,"column":45}},"9":{"start":{"line":15,"column":0},"end":{"line":15,"column":45}},"10":{"start":{"line":18,"column":0},"end":{"line":18,"column":31}},"11":{"start":{"line":43,"column":4},"end":{"line":43,"column":19}},"12":{"start":{"line":22,"column":10},"end":{"line":22,"column":null}},"13":{"start":{"line":23,"column":10},"end":{"line":23,"column":null}},"14":{"start":{"line":24,"column":10},"end":{"line":24,"column":null}},"15":{"start":{"line":25,"column":10},"end":{"line":25,"column":null}},"16":{"start":{"line":26,"column":10},"end":{"line":26,"column":null}},"17":{"start":{"line":29,"column":10},"end":{"line":29,"column":null}},"18":{"start":{"line":30,"column":10},"end":{"line":30,"column":null}},"19":{"start":{"line":32,"column":10},"end":{"line":32,"column":null}},"20":{"start":{"line":35,"column":10},"end":{"line":35,"column":null}},"21":{"start":{"line":36,"column":10},"end":{"line":36,"column":null}},"22":{"start":{"line":38,"column":10},"end":{"line":38,"column":null}},"23":{"start":{"line":40,"column":10},"end":{"line":40,"column":null}},"24":{"start":{"line":44,"column":4},"end":{"line":44,"column":65}},"25":{"start":{"line":45,"column":4},"end":{"line":45,"column":50}},"26":{"start":{"line":46,"column":4},"end":{"line":46,"column":49}},"27":{"start":{"line":49,"column":4},"end":{"line":49,"column":51}},"28":{"start":{"line":50,"column":4},"end":{"line":50,"column":35}},"29":{"start":{"line":53,"column":4},"end":{"line":53,"column":82}},"30":{"start":{"line":54,"column":4},"end":{"line":56,"column":7}},"31":{"start":{"line":61,"column":4},"end":{"line":61,"column":50}},"32":{"start":{"line":70,"column":4},"end":{"line":70,"column":20}},"33":{"start":{"line":71,"column":18},"end":{"line":71,"column":49}},"34":{"start":{"line":72,"column":4},"end":{"line":77,"column":8}},"35":{"start":{"line":78,"column":4},"end":{"line":78,"column":37}},"36":{"start":{"line":79,"column":22},"end":{"line":79,"column":76}},"37":{"start":{"line":80,"column":4},"end":{"line":80,"column":37}},"38":{"start":{"line":81,"column":4},"end":{"line":81,"column":53}},"39":{"start":{"line":83,"column":4},"end":{"line":83,"column":74}},"40":{"start":{"line":84,"column":4},"end":{"line":84,"column":46}},"41":{"start":{"line":85,"column":4},"end":{"line":85,"column":48}},"42":{"start":{"line":86,"column":4},"end":{"line":86,"column":64}},"43":{"start":{"line":88,"column":29},"end":{"line":101,"column":5}},"44":{"start":{"line":89,"column":23},"end":{"line":89,"column":79}},"45":{"start":{"line":90,"column":6},"end":{"line":100,"column":7}},"46":{"start":{"line":91,"column":8},"end":{"line":91,"column":50}},"47":{"start":{"line":92,"column":8},"end":{"line":94,"column":9}},"48":{"start":{"line":93,"column":10},"end":{"line":93,"column":52}},"49":{"start":{"line":96,"column":8},"end":{"line":96,"column":47}},"50":{"start":{"line":97,"column":8},"end":{"line":99,"column":9}},"51":{"start":{"line":98,"column":10},"end":{"line":98,"column":54}},"52":{"start":{"line":103,"column":24},"end":{"line":107,"column":5}},"53":{"start":{"line":105,"column":6},"end":{"line":105,"column":37}},"54":{"start":{"line":106,"column":6},"end":{"line":106,"column":49}},"55":{"start":{"line":109,"column":28},"end":{"line":113,"column":5}},"56":{"start":{"line":111,"column":6},"end":{"line":111,"column":42}},"57":{"start":{"line":112,"column":6},"end":{"line":112,"column":49}},"58":{"start":{"line":115,"column":25},"end":{"line":118,"column":5}},"59":{"start":{"line":117,"column":6},"end":{"line":117,"column":36}},"60":{"start":{"line":120,"column":24},"end":{"line":142,"column":5}},"61":{"start":{"line":122,"column":34},"end":{"line":140,"column":9}},"62":{"start":{"line":141,"column":6},"end":{"line":141,"column":39}},"63":{"start":{"line":144,"column":24},"end":{"line":183,"column":5}},"64":{"start":{"line":146,"column":36},"end":{"line":181,"column":8}},"65":{"start":{"line":182,"column":6},"end":{"line":182,"column":41}},"66":{"start":{"line":185,"column":4},"end":{"line":185,"column":136}},"67":{"start":{"line":188,"column":4},"end":{"line":193,"column":7}},"68":{"start":{"line":189,"column":25},"end":{"line":189,"column":77}},"69":{"start":{"line":190,"column":29},"end":{"line":190,"column":85}},"70":{"start":{"line":191,"column":6},"end":{"line":191,"column":83}},"71":{"start":{"line":191,"column":22},"end":{"line":191,"column":83}},"72":{"start":{"line":192,"column":6},"end":{"line":192,"column":96}},"73":{"start":{"line":192,"column":26},"end":{"line":192,"column":96}},"74":{"start":{"line":195,"column":4},"end":{"line":195,"column":78}},"75":{"start":{"line":198,"column":4},"end":{"line":198,"column":21}},"76":{"start":{"line":202,"column":4},"end":{"line":227,"column":7}},"77":{"start":{"line":203,"column":41},"end":{"line":203,"column":61}},"78":{"start":{"line":205,"column":21},"end":{"line":205,"column":81}},"79":{"start":{"line":207,"column":20},"end":{"line":207,"column":45}},"80":{"start":{"line":209,"column":6},"end":{"line":209,"column":37}},"81":{"start":{"line":210,"column":26},"end":{"line":210,"column":46}},"82":{"start":{"line":212,"column":6},"end":{"line":223,"column":9}},"83":{"start":{"line":213,"column":8},"end":{"line":220,"column":11}},"84":{"start":{"line":214,"column":10},"end":{"line":219,"column":11}},"85":{"start":{"line":215,"column":12},"end":{"line":215,"column":54}},"86":{"start":{"line":217,"column":12},"end":{"line":217,"column":58}},"87":{"start":{"line":225,"column":6},"end":{"line":225,"column":51}},"88":{"start":{"line":226,"column":6},"end":{"line":226,"column":89}},"89":{"start":{"line":232,"column":4},"end":{"line":232,"column":25}},"90":{"start":{"line":233,"column":4},"end":{"line":233,"column":31}},"91":{"start":{"line":234,"column":4},"end":{"line":264,"column":5}},"92":{"start":{"line":235,"column":29},"end":{"line":235,"column":33}},"93":{"start":{"line":236,"column":6},"end":{"line":263,"column":7}},"94":{"start":{"line":238,"column":10},"end":{"line":238,"column":85}},"95":{"start":{"line":239,"column":10},"end":{"line":239,"column":29}},"96":{"start":{"line":240,"column":10},"end":{"line":240,"column":26}},"97":{"start":{"line":241,"column":10},"end":{"line":243,"column":13}},"98":{"start":{"line":244,"column":10},"end":{"line":244,"column":53}},"99":{"start":{"line":245,"column":10},"end":{"line":245,"column":35}},"100":{"start":{"line":246,"column":10},"end":{"line":246,"column":16}},"101":{"start":{"line":248,"column":10},"end":{"line":248,"column":82}},"102":{"start":{"line":249,"column":10},"end":{"line":249,"column":28}},"103":{"start":{"line":250,"column":10},"end":{"line":252,"column":13}},"104":{"start":{"line":253,"column":10},"end":{"line":253,"column":56}},"105":{"start":{"line":254,"column":10},"end":{"line":254,"column":16}},"106":{"start":{"line":256,"column":10},"end":{"line":256,"column":82}},"107":{"start":{"line":257,"column":10},"end":{"line":257,"column":28}},"108":{"start":{"line":258,"column":10},"end":{"line":260,"column":13}},"109":{"start":{"line":261,"column":10},"end":{"line":261,"column":56}},"110":{"start":{"line":262,"column":10},"end":{"line":262,"column":16}},"111":{"start":{"line":269,"column":4},"end":{"line":269,"column":24}},"112":{"start":{"line":270,"column":4},"end":{"line":270,"column":34}},"113":{"start":{"line":275,"column":4},"end":{"line":275,"column":78}},"114":{"start":{"line":276,"column":4},"end":{"line":276,"column":99}},"115":{"start":{"line":277,"column":4},"end":{"line":277,"column":99}},"116":{"start":{"line":280,"column":4},"end":{"line":280,"column":37}},"117":{"start":{"line":285,"column":20},"end":{"line":285,"column":40}},"118":{"start":{"line":287,"column":4},"end":{"line":287,"column":57}},"119":{"start":{"line":288,"column":4},"end":{"line":288,"column":58}},"120":{"start":{"line":289,"column":4},"end":{"line":298,"column":5}},"121":{"start":{"line":291,"column":6},"end":{"line":291,"column":84}},"122":{"start":{"line":291,"column":65},"end":{"line":291,"column":82}},"123":{"start":{"line":292,"column":6},"end":{"line":292,"column":86}},"124":{"start":{"line":292,"column":64},"end":{"line":292,"column":84}},"125":{"start":{"line":295,"column":6},"end":{"line":295,"column":93}},"126":{"start":{"line":295,"column":68},"end":{"line":295,"column":85}},"127":{"start":{"line":296,"column":6},"end":{"line":296,"column":93}},"128":{"start":{"line":296,"column":68},"end":{"line":296,"column":85}},"129":{"start":{"line":297,"column":6},"end":{"line":297,"column":95}},"130":{"start":{"line":297,"column":67},"end":{"line":297,"column":87}},"131":{"start":{"line":303,"column":4},"end":{"line":310,"column":5}},"132":{"start":{"line":304,"column":6},"end":{"line":304,"column":42}},"133":{"start":{"line":306,"column":21},"end":{"line":306,"column":106}},"134":{"start":{"line":308,"column":6},"end":{"line":308,"column":36}},"135":{"start":{"line":314,"column":4},"end":{"line":314,"column":62}},"136":{"start":{"line":316,"column":50},"end":{"line":316,"column":112}},"137":{"start":{"line":318,"column":4},"end":{"line":318,"column":20}},"138":{"start":{"line":319,"column":4},"end":{"line":329,"column":5}},"139":{"start":{"line":321,"column":8},"end":{"line":321,"column":38}},"140":{"start":{"line":322,"column":8},"end":{"line":322,"column":14}},"141":{"start":{"line":324,"column":8},"end":{"line":324,"column":37}},"142":{"start":{"line":325,"column":8},"end":{"line":325,"column":14}},"143":{"start":{"line":328,"column":8},"end":{"line":328,"column":14}},"144":{"start":{"line":330,"column":4},"end":{"line":330,"column":87}},"145":{"start":{"line":335,"column":4},"end":{"line":335,"column":27}},"146":{"start":{"line":341,"column":4},"end":{"line":345,"column":5}},"147":{"start":{"line":342,"column":6},"end":{"line":342,"column":26}},"148":{"start":{"line":344,"column":6},"end":{"line":344,"column":46}},"149":{"start":{"line":348,"column":18},"end":{"line":348,"column":25}},"150":{"start":{"line":349,"column":22},"end":{"line":349,"column":24}},"151":{"start":{"line":350,"column":4},"end":{"line":361,"column":7}},"152":{"start":{"line":351,"column":30},"end":{"line":351,"column":61}},"153":{"start":{"line":352,"column":20},"end":{"line":352,"column":49}},"154":{"start":{"line":353,"column":17},"end":{"line":353,"column":47}},"155":{"start":{"line":354,"column":20},"end":{"line":354,"column":81}},"156":{"start":{"line":355,"column":23},"end":{"line":355,"column":74}},"157":{"start":{"line":356,"column":6},"end":{"line":358,"column":7}},"158":{"start":{"line":357,"column":8},"end":{"line":357,"column":37}},"159":{"start":{"line":359,"column":6},"end":{"line":359,"column":31}},"160":{"start":{"line":360,"column":6},"end":{"line":360,"column":51}},"161":{"start":{"line":363,"column":4},"end":{"line":365,"column":7}},"162":{"start":{"line":364,"column":6},"end":{"line":364,"column":39}},"163":{"start":{"line":370,"column":4},"end":{"line":378,"column":5}},"164":{"start":{"line":371,"column":6},"end":{"line":377,"column":7}},"165":{"start":{"line":372,"column":8},"end":{"line":372,"column":78}},"166":{"start":{"line":373,"column":13},"end":{"line":377,"column":7}},"167":{"start":{"line":374,"column":8},"end":{"line":374,"column":75}},"168":{"start":{"line":376,"column":8},"end":{"line":376,"column":78}},"169":{"start":{"line":380,"column":4},"end":{"line":380,"column":17}},"170":{"start":{"line":385,"column":19},"end":{"line":385,"column":21}},"171":{"start":{"line":386,"column":4},"end":{"line":402,"column":5}},"172":{"start":{"line":387,"column":21},"end":{"line":387,"column":72}},"173":{"start":{"line":388,"column":6},"end":{"line":397,"column":9}},"174":{"start":{"line":389,"column":8},"end":{"line":392,"column":9}},"175":{"start":{"line":390,"column":10},"end":{"line":390,"column":30}},"176":{"start":{"line":391,"column":10},"end":{"line":391,"column":27}},"177":{"start":{"line":394,"column":8},"end":{"line":396,"column":9}},"178":{"start":{"line":395,"column":10},"end":{"line":395,"column":27}},"179":{"start":{"line":398,"column":6},"end":{"line":398,"column":33}},"180":{"start":{"line":399,"column":6},"end":{"line":399,"column":116}},"181":{"start":{"line":399,"column":84},"end":{"line":399,"column":114}},"182":{"start":{"line":401,"column":6},"end":{"line":401,"column":41}},"183":{"start":{"line":406,"column":4},"end":{"line":449,"column":5}},"184":{"start":{"line":407,"column":6},"end":{"line":448,"column":9}},"185":{"start":{"line":408,"column":20},"end":{"line":408,"column":54}},"186":{"start":{"line":409,"column":22},"end":{"line":409,"column":40}},"187":{"start":{"line":410,"column":21},"end":{"line":410,"column":35}},"188":{"start":{"line":412,"column":8},"end":{"line":447,"column":11}},"189":{"start":{"line":414,"column":21},"end":{"line":414,"column":32}},"190":{"start":{"line":417,"column":10},"end":{"line":427,"column":11}},"191":{"start":{"line":418,"column":12},"end":{"line":420,"column":13}},"192":{"start":{"line":419,"column":14},"end":{"line":419,"column":41}},"193":{"start":{"line":421,"column":12},"end":{"line":421,"column":33}},"194":{"start":{"line":423,"column":12},"end":{"line":425,"column":13}},"195":{"start":{"line":424,"column":14},"end":{"line":424,"column":35}},"196":{"start":{"line":426,"column":12},"end":{"line":426,"column":28}},"197":{"start":{"line":433,"column":25},"end":{"line":433,"column":67}},"198":{"start":{"line":435,"column":10},"end":{"line":446,"column":11}},"199":{"start":{"line":436,"column":12},"end":{"line":436,"column":60}},"200":{"start":{"line":438,"column":12},"end":{"line":438,"column":50}},"201":{"start":{"line":440,"column":17},"end":{"line":446,"column":11}},"202":{"start":{"line":441,"column":12},"end":{"line":441,"column":69}},"203":{"start":{"line":442,"column":12},"end":{"line":442,"column":37}},"204":{"start":{"line":443,"column":12},"end":{"line":443,"column":38}},"205":{"start":{"line":444,"column":12},"end":{"line":444,"column":50}},"206":{"start":{"line":445,"column":12},"end":{"line":445,"column":59}},"207":{"start":{"line":454,"column":4},"end":{"line":454,"column":31}},"208":{"start":{"line":455,"column":4},"end":{"line":455,"column":114}},"209":{"start":{"line":455,"column":82},"end":{"line":455,"column":112}},"210":{"start":{"line":457,"column":4},"end":{"line":457,"column":39}},"211":{"start":{"line":461,"column":4},"end":{"line":463,"column":7}},"212":{"start":{"line":462,"column":6},"end":{"line":462,"column":42}},"213":{"start":{"line":465,"column":4},"end":{"line":465,"column":35}},"214":{"start":{"line":466,"column":4},"end":{"line":466,"column":62}},"215":{"start":{"line":468,"column":4},"end":{"line":468,"column":45}},"216":{"start":{"line":471,"column":4},"end":{"line":471,"column":49}},"217":{"start":{"line":476,"column":4},"end":{"line":480,"column":5}},"218":{"start":{"line":477,"column":6},"end":{"line":477,"column":57}},"219":{"start":{"line":477,"column":44},"end":{"line":477,"column":57}},"220":{"start":{"line":479,"column":6},"end":{"line":479,"column":51}},"221":{"start":{"line":479,"column":38},"end":{"line":479,"column":51}},"222":{"start":{"line":481,"column":4},"end":{"line":484,"column":5}},"223":{"start":{"line":481,"column":39},"end":{"line":481,"column":52}},"224":{"start":{"line":483,"column":6},"end":{"line":483,"column":18}},"225":{"start":{"line":487,"column":39},"end":{"line":487,"column":59}},"226":{"start":{"line":489,"column":20},"end":{"line":489,"column":97}},"227":{"start":{"line":491,"column":18},"end":{"line":491,"column":42}},"228":{"start":{"line":492,"column":4},"end":{"line":492,"column":35}},"229":{"start":{"line":494,"column":24},"end":{"line":494,"column":44}},"230":{"start":{"line":495,"column":4},"end":{"line":507,"column":7}},"231":{"start":{"line":496,"column":6},"end":{"line":503,"column":9}},"232":{"start":{"line":497,"column":8},"end":{"line":502,"column":9}},"233":{"start":{"line":498,"column":10},"end":{"line":498,"column":52}},"234":{"start":{"line":500,"column":10},"end":{"line":500,"column":56}},"235":{"start":{"line":509,"column":4},"end":{"line":509,"column":49}},"236":{"start":{"line":511,"column":4},"end":{"line":511,"column":35}},"237":{"start":{"line":513,"column":4},"end":{"line":515,"column":7}},"238":{"start":{"line":514,"column":6},"end":{"line":514,"column":38}},"239":{"start":{"line":518,"column":35},"end":{"line":518,"column":84}},"240":{"start":{"line":519,"column":20},"end":{"line":519,"column":105}},"241":{"start":{"line":520,"column":29},"end":{"line":520,"column":59}},"242":{"start":{"line":521,"column":33},"end":{"line":524,"column":6}},"243":{"start":{"line":525,"column":24},"end":{"line":525,"column":61}},"244":{"start":{"line":526,"column":15},"end":{"line":526,"column":65}},"245":{"start":{"line":527,"column":28},"end":{"line":527,"column":88}},"246":{"start":{"line":529,"column":4},"end":{"line":529,"column":27}},"247":{"start":{"line":532,"column":4},"end":{"line":532,"column":67}},"248":{"start":{"line":536,"column":24},"end":{"line":536,"column":97}},"249":{"start":{"line":537,"column":26},"end":{"line":537,"column":101}},"250":{"start":{"line":538,"column":24},"end":{"line":538,"column":97}},"251":{"start":{"line":541,"column":4},"end":{"line":545,"column":5}},"252":{"start":{"line":542,"column":6},"end":{"line":542,"column":24}},"253":{"start":{"line":543,"column":6},"end":{"line":543,"column":55}},"254":{"start":{"line":544,"column":6},"end":{"line":544,"column":41}},"255":{"start":{"line":546,"column":4},"end":{"line":609,"column":7}},"256":{"start":{"line":547,"column":24},"end":{"line":547,"column":67}},"257":{"start":{"line":548,"column":6},"end":{"line":550,"column":7}},"258":{"start":{"line":549,"column":8},"end":{"line":549,"column":70}},"259":{"start":{"line":551,"column":6},"end":{"line":553,"column":7}},"260":{"start":{"line":552,"column":8},"end":{"line":552,"column":72}},"261":{"start":{"line":554,"column":6},"end":{"line":556,"column":7}},"262":{"start":{"line":555,"column":8},"end":{"line":555,"column":70}},"263":{"start":{"line":557,"column":21},"end":{"line":562,"column":8}},"264":{"start":{"line":563,"column":6},"end":{"line":563,"column":52}},"265":{"start":{"line":564,"column":6},"end":{"line":569,"column":7}},"266":{"start":{"line":565,"column":24},"end":{"line":565,"column":43}},"267":{"start":{"line":566,"column":8},"end":{"line":568,"column":9}},"268":{"start":{"line":567,"column":10},"end":{"line":567,"column":41}},"269":{"start":{"line":573,"column":6},"end":{"line":580,"column":7}},"270":{"start":{"line":574,"column":8},"end":{"line":576,"column":11}},"271":{"start":{"line":575,"column":10},"end":{"line":575,"column":40}},"272":{"start":{"line":577,"column":8},"end":{"line":579,"column":11}},"273":{"start":{"line":578,"column":10},"end":{"line":578,"column":43}},"274":{"start":{"line":582,"column":6},"end":{"line":586,"column":7}},"275":{"start":{"line":583,"column":26},"end":{"line":583,"column":63}},"276":{"start":{"line":584,"column":8},"end":{"line":584,"column":122}},"277":{"start":{"line":585,"column":8},"end":{"line":585,"column":67}},"278":{"start":{"line":587,"column":6},"end":{"line":602,"column":7}},"279":{"start":{"line":589,"column":28},"end":{"line":589,"column":40}},"280":{"start":{"line":590,"column":8},"end":{"line":596,"column":9}},"281":{"start":{"line":591,"column":24},"end":{"line":591,"column":34}},"282":{"start":{"line":592,"column":23},"end":{"line":592,"column":50}},"283":{"start":{"line":593,"column":10},"end":{"line":595,"column":11}},"284":{"start":{"line":594,"column":12},"end":{"line":594,"column":38}},"285":{"start":{"line":597,"column":21},"end":{"line":597,"column":58}},"286":{"start":{"line":598,"column":26},"end":{"line":598,"column":65}},"287":{"start":{"line":599,"column":26},"end":{"line":599,"column":71}},"288":{"start":{"line":600,"column":8},"end":{"line":600,"column":122}},"289":{"start":{"line":601,"column":8},"end":{"line":601,"column":66}},"290":{"start":{"line":603,"column":6},"end":{"line":608,"column":7}},"291":{"start":{"line":604,"column":8},"end":{"line":604,"column":122}},"292":{"start":{"line":605,"column":8},"end":{"line":607,"column":11}},"293":{"start":{"line":606,"column":10},"end":{"line":606,"column":40}},"294":{"start":{"line":613,"column":17},"end":{"line":613,"column":21}},"295":{"start":{"line":615,"column":41},"end":{"line":615,"column":70}},"296":{"start":{"line":616,"column":4},"end":{"line":616,"column":61}},"297":{"start":{"line":618,"column":36},"end":{"line":618,"column":65}},"298":{"start":{"line":619,"column":4},"end":{"line":619,"column":50}},"299":{"start":{"line":621,"column":40},"end":{"line":621,"column":67}},"300":{"start":{"line":622,"column":4},"end":{"line":622,"column":52}},"301":{"start":{"line":624,"column":42},"end":{"line":624,"column":71}},"302":{"start":{"line":625,"column":4},"end":{"line":625,"column":43}},"303":{"start":{"line":627,"column":49},"end":{"line":627,"column":78}},"304":{"start":{"line":628,"column":4},"end":{"line":628,"column":62}},"305":{"start":{"line":630,"column":37},"end":{"line":630,"column":66}},"306":{"start":{"line":631,"column":4},"end":{"line":631,"column":61}},"307":{"start":{"line":632,"column":4},"end":{"line":632,"column":32}},"308":{"start":{"line":634,"column":41},"end":{"line":634,"column":70}},"309":{"start":{"line":635,"column":4},"end":{"line":635,"column":70}},"310":{"start":{"line":636,"column":4},"end":{"line":636,"column":40}},"311":{"start":{"line":638,"column":33},"end":{"line":638,"column":62}},"312":{"start":{"line":639,"column":4},"end":{"line":639,"column":53}},"313":{"start":{"line":640,"column":4},"end":{"line":640,"column":32}},"314":{"start":{"line":642,"column":35},"end":{"line":642,"column":64}},"315":{"start":{"line":643,"column":4},"end":{"line":643,"column":57}},"316":{"start":{"line":644,"column":4},"end":{"line":644,"column":27}},"317":{"start":{"line":646,"column":38},"end":{"line":646,"column":67}},"318":{"start":{"line":647,"column":4},"end":{"line":647,"column":41}},"319":{"start":{"line":649,"column":4},"end":{"line":649,"column":38}},"320":{"start":{"line":650,"column":4},"end":{"line":650,"column":40}},"321":{"start":{"line":651,"column":4},"end":{"line":651,"column":39}},"322":{"start":{"line":652,"column":4},"end":{"line":652,"column":52}},"323":{"start":{"line":653,"column":4},"end":{"line":653,"column":47}},"324":{"start":{"line":654,"column":4},"end":{"line":654,"column":48}},"325":{"start":{"line":655,"column":4},"end":{"line":655,"column":51}},"326":{"start":{"line":656,"column":4},"end":{"line":656,"column":48}},"327":{"start":{"line":657,"column":4},"end":{"line":657,"column":43}},"328":{"start":{"line":658,"column":4},"end":{"line":658,"column":48}},"329":{"start":{"line":659,"column":4},"end":{"line":659,"column":45}},"330":{"start":{"line":661,"column":4},"end":{"line":664,"column":6}},"331":{"start":{"line":662,"column":6},"end":{"line":662,"column":47}},"332":{"start":{"line":665,"column":4},"end":{"line":668,"column":6}},"333":{"start":{"line":666,"column":6},"end":{"line":666,"column":43}},"334":{"start":{"line":670,"column":4},"end":{"line":673,"column":6}},"335":{"start":{"line":671,"column":6},"end":{"line":671,"column":33}},"336":{"start":{"line":674,"column":4},"end":{"line":677,"column":6}},"337":{"start":{"line":675,"column":6},"end":{"line":675,"column":30}},"338":{"start":{"line":679,"column":4},"end":{"line":679,"column":24}},"339":{"start":{"line":682,"column":17},"end":{"line":682,"column":19}},"340":{"start":{"line":684,"column":4},"end":{"line":718,"column":5}},"341":{"start":{"line":685,"column":24},"end":{"line":685,"column":26}},"342":{"start":{"line":687,"column":19},"end":{"line":687,"column":138}},"343":{"start":{"line":688,"column":6},"end":{"line":696,"column":7}},"344":{"start":{"line":689,"column":8},"end":{"line":691,"column":11}},"345":{"start":{"line":690,"column":10},"end":{"line":690,"column":63}},"346":{"start":{"line":693,"column":8},"end":{"line":695,"column":11}},"347":{"start":{"line":694,"column":10},"end":{"line":694,"column":60}},"348":{"start":{"line":697,"column":6},"end":{"line":699,"column":7}},"349":{"start":{"line":698,"column":8},"end":{"line":698,"column":33}},"350":{"start":{"line":701,"column":11},"end":{"line":718,"column":5}},"351":{"start":{"line":702,"column":24},"end":{"line":702,"column":26}},"352":{"start":{"line":703,"column":6},"end":{"line":715,"column":7}},"353":{"start":{"line":703,"column":23},"end":{"line":703,"column":24}},"354":{"start":{"line":704,"column":21},"end":{"line":704,"column":127}},"355":{"start":{"line":705,"column":8},"end":{"line":714,"column":9}},"356":{"start":{"line":706,"column":10},"end":{"line":708,"column":13}},"357":{"start":{"line":707,"column":12},"end":{"line":707,"column":65}},"358":{"start":{"line":709,"column":10},"end":{"line":709,"column":35}},"359":{"start":{"line":711,"column":10},"end":{"line":713,"column":13}},"360":{"start":{"line":712,"column":12},"end":{"line":712,"column":62}},"361":{"start":{"line":717,"column":6},"end":{"line":717,"column":59}},"362":{"start":{"line":720,"column":4},"end":{"line":720,"column":18}},"363":{"start":{"line":723,"column":4},"end":{"line":723,"column":34}},"364":{"start":{"line":724,"column":18},"end":{"line":724,"column":82}},"365":{"start":{"line":725,"column":21},"end":{"line":725,"column":73}},"366":{"start":{"line":727,"column":4},"end":{"line":727,"column":76}},"367":{"start":{"line":730,"column":4},"end":{"line":730,"column":34}},"368":{"start":{"line":731,"column":21},"end":{"line":731,"column":85}},"369":{"start":{"line":732,"column":4},"end":{"line":732,"column":81}},"370":{"start":{"line":735,"column":4},"end":{"line":735,"column":34}},"371":{"start":{"line":736,"column":37},"end":{"line":736,"column":83}},"372":{"start":{"line":737,"column":21},"end":{"line":737,"column":91}},"373":{"start":{"line":738,"column":4},"end":{"line":738,"column":83}},"374":{"start":{"line":741,"column":4},"end":{"line":741,"column":34}},"375":{"start":{"line":742,"column":21},"end":{"line":742,"column":91}},"376":{"start":{"line":743,"column":4},"end":{"line":743,"column":83}},"377":{"start":{"line":746,"column":23},"end":{"line":746,"column":60}},"378":{"start":{"line":747,"column":18},"end":{"line":747,"column":45}},"379":{"start":{"line":748,"column":17},"end":{"line":748,"column":21}},"380":{"start":{"line":750,"column":41},"end":{"line":750,"column":70}},"381":{"start":{"line":751,"column":4},"end":{"line":751,"column":60}},"382":{"start":{"line":753,"column":36},"end":{"line":753,"column":65}},"383":{"start":{"line":754,"column":4},"end":{"line":754,"column":49}},"384":{"start":{"line":756,"column":40},"end":{"line":756,"column":67}},"385":{"start":{"line":757,"column":4},"end":{"line":757,"column":52}},"386":{"start":{"line":759,"column":42},"end":{"line":759,"column":71}},"387":{"start":{"line":760,"column":4},"end":{"line":760,"column":43}},"388":{"start":{"line":762,"column":45},"end":{"line":762,"column":74}},"389":{"start":{"line":763,"column":4},"end":{"line":763,"column":62}},"390":{"start":{"line":765,"column":44},"end":{"line":765,"column":73}},"391":{"start":{"line":766,"column":4},"end":{"line":766,"column":null}},"392":{"start":{"line":767,"column":4},"end":{"line":767,"column":82}},"393":{"start":{"line":769,"column":37},"end":{"line":769,"column":66}},"394":{"start":{"line":771,"column":43},"end":{"line":771,"column":73}},"395":{"start":{"line":772,"column":4},"end":{"line":772,"column":40}},"396":{"start":{"line":773,"column":4},"end":{"line":773,"column":130}},"397":{"start":{"line":774,"column":43},"end":{"line":774,"column":73}},"398":{"start":{"line":775,"column":4},"end":{"line":775,"column":40}},"399":{"start":{"line":776,"column":4},"end":{"line":776,"column":134}},"400":{"start":{"line":778,"column":32},"end":{"line":778,"column":61}},"401":{"start":{"line":779,"column":4},"end":{"line":779,"column":29}},"402":{"start":{"line":781,"column":39},"end":{"line":781,"column":68}},"403":{"start":{"line":782,"column":4},"end":{"line":782,"column":null}},"404":{"start":{"line":783,"column":4},"end":{"line":783,"column":72}},"405":{"start":{"line":785,"column":37},"end":{"line":785,"column":66}},"406":{"start":{"line":786,"column":4},"end":{"line":786,"column":38}},"407":{"start":{"line":788,"column":38},"end":{"line":788,"column":68}},"408":{"start":{"line":789,"column":4},"end":{"line":789,"column":35}},"409":{"start":{"line":790,"column":4},"end":{"line":790,"column":111}},"410":{"start":{"line":791,"column":38},"end":{"line":791,"column":68}},"411":{"start":{"line":792,"column":4},"end":{"line":792,"column":35}},"412":{"start":{"line":793,"column":4},"end":{"line":793,"column":119}},"413":{"start":{"line":802,"column":4},"end":{"line":802,"column":38}},"414":{"start":{"line":803,"column":4},"end":{"line":803,"column":40}},"415":{"start":{"line":804,"column":4},"end":{"line":804,"column":39}},"416":{"start":{"line":805,"column":4},"end":{"line":805,"column":48}},"417":{"start":{"line":806,"column":4},"end":{"line":806,"column":50}},"418":{"start":{"line":807,"column":4},"end":{"line":807,"column":43}},"419":{"start":{"line":808,"column":4},"end":{"line":808,"column":40}},"420":{"start":{"line":809,"column":4},"end":{"line":809,"column":40}},"421":{"start":{"line":810,"column":4},"end":{"line":810,"column":35}},"422":{"start":{"line":811,"column":4},"end":{"line":811,"column":32}},"423":{"start":{"line":812,"column":4},"end":{"line":812,"column":30}},"424":{"start":{"line":813,"column":4},"end":{"line":813,"column":35}},"425":{"start":{"line":814,"column":4},"end":{"line":814,"column":35}},"426":{"start":{"line":818,"column":4},"end":{"line":818,"column":24}},"427":{"start":{"line":821,"column":4},"end":{"line":837,"column":7}},"428":{"start":{"line":822,"column":24},"end":{"line":822,"column":67}},"429":{"start":{"line":823,"column":21},"end":{"line":828,"column":8}},"430":{"start":{"line":829,"column":6},"end":{"line":829,"column":52}},"431":{"start":{"line":831,"column":6},"end":{"line":833,"column":9}},"432":{"start":{"line":832,"column":8},"end":{"line":832,"column":38}},"433":{"start":{"line":834,"column":6},"end":{"line":836,"column":9}},"434":{"start":{"line":835,"column":8},"end":{"line":835,"column":41}},"435":{"start":{"line":841,"column":25},"end":{"line":841,"column":27}},"436":{"start":{"line":842,"column":39},"end":{"line":842,"column":41}},"437":{"start":{"line":843,"column":36},"end":{"line":843,"column":41}},"438":{"start":{"line":844,"column":4},"end":{"line":863,"column":7}},"439":{"start":{"line":845,"column":30},"end":{"line":845,"column":61}},"440":{"start":{"line":846,"column":6},"end":{"line":862,"column":7}},"441":{"start":{"line":847,"column":8},"end":{"line":854,"column":11}},"442":{"start":{"line":848,"column":24},"end":{"line":848,"column":66}},"443":{"start":{"line":849,"column":10},"end":{"line":849,"column":80}},"444":{"start":{"line":850,"column":10},"end":{"line":853,"column":11}},"445":{"start":{"line":851,"column":12},"end":{"line":851,"column":40}},"446":{"start":{"line":852,"column":12},"end":{"line":852,"column":41}},"447":{"start":{"line":856,"column":22},"end":{"line":856,"column":83}},"448":{"start":{"line":857,"column":8},"end":{"line":857,"column":78}},"449":{"start":{"line":858,"column":8},"end":{"line":861,"column":9}},"450":{"start":{"line":859,"column":10},"end":{"line":859,"column":38}},"451":{"start":{"line":860,"column":10},"end":{"line":860,"column":39}},"452":{"start":{"line":865,"column":4},"end":{"line":869,"column":5}},"453":{"start":{"line":866,"column":6},"end":{"line":866,"column":60}},"454":{"start":{"line":868,"column":6},"end":{"line":868,"column":42}},"455":{"start":{"line":874,"column":17},"end":{"line":874,"column":24}},"456":{"start":{"line":875,"column":4},"end":{"line":885,"column":7}},"457":{"start":{"line":876,"column":30},"end":{"line":876,"column":54}},"458":{"start":{"line":877,"column":20},"end":{"line":877,"column":49}},"459":{"start":{"line":878,"column":17},"end":{"line":878,"column":47}},"460":{"start":{"line":879,"column":20},"end":{"line":879,"column":68}},"461":{"start":{"line":881,"column":6},"end":{"line":881,"column":38}},"462":{"start":{"line":882,"column":6},"end":{"line":882,"column":44}},"463":{"start":{"line":884,"column":6},"end":{"line":884,"column":21}},"464":{"start":{"line":887,"column":56},"end":{"line":887,"column":62}},"465":{"start":{"line":888,"column":4},"end":{"line":888,"column":43}},"466":{"start":{"line":892,"column":19},"end":{"line":892,"column":21}},"467":{"start":{"line":893,"column":4},"end":{"line":911,"column":5}},"468":{"start":{"line":894,"column":6},"end":{"line":910,"column":9}},"469":{"start":{"line":895,"column":20},"end":{"line":895,"column":54}},"470":{"start":{"line":896,"column":22},"end":{"line":896,"column":43}},"471":{"start":{"line":897,"column":8},"end":{"line":897,"column":35}},"472":{"start":{"line":898,"column":8},"end":{"line":900,"column":9}},"473":{"start":{"line":899,"column":10},"end":{"line":899,"column":39}},"474":{"start":{"line":901,"column":23},"end":{"line":901,"column":70}},"475":{"start":{"line":903,"column":8},"end":{"line":909,"column":9}},"476":{"start":{"line":905,"column":10},"end":{"line":905,"column":55}},"477":{"start":{"line":906,"column":10},"end":{"line":906,"column":38}},"478":{"start":{"line":907,"column":10},"end":{"line":907,"column":58}},"479":{"start":{"line":915,"column":18},"end":{"line":915,"column":59}},"480":{"start":{"line":917,"column":4},"end":{"line":917,"column":49}},"481":{"start":{"line":918,"column":4},"end":{"line":918,"column":19}},"482":{"start":{"line":921,"column":4},"end":{"line":928,"column":5}},"483":{"start":{"line":922,"column":23},"end":{"line":922,"column":31}},"484":{"start":{"line":923,"column":6},"end":{"line":927,"column":7}},"485":{"start":{"line":924,"column":25},"end":{"line":924,"column":97}},"486":{"start":{"line":925,"column":8},"end":{"line":925,"column":58}},"487":{"start":{"line":926,"column":8},"end":{"line":926,"column":48}},"488":{"start":{"line":960,"column":20},"end":{"line":960,"column":40}},"489":{"start":{"line":961,"column":4},"end":{"line":961,"column":57}},"490":{"start":{"line":962,"column":4},"end":{"line":969,"column":5}},"491":{"start":{"line":964,"column":6},"end":{"line":964,"column":85}},"492":{"start":{"line":964,"column":66},"end":{"line":964,"column":83}},"493":{"start":{"line":967,"column":6},"end":{"line":967,"column":94}},"494":{"start":{"line":967,"column":69},"end":{"line":967,"column":86}},"495":{"start":{"line":974,"column":4},"end":{"line":981,"column":5}},"496":{"start":{"line":975,"column":6},"end":{"line":975,"column":45}},"497":{"start":{"line":977,"column":21},"end":{"line":977,"column":106}},"498":{"start":{"line":979,"column":6},"end":{"line":979,"column":39}},"499":{"start":{"line":983,"column":4},"end":{"line":983,"column":21}},"500":{"start":{"line":988,"column":4},"end":{"line":988,"column":33}},"501":{"start":{"line":991,"column":19},"end":{"line":991,"column":21}},"502":{"start":{"line":992,"column":20},"end":{"line":992,"column":22}},"503":{"start":{"line":993,"column":15},"end":{"line":993,"column":17}},"504":{"start":{"line":994,"column":24},"end":{"line":994,"column":55}},"505":{"start":{"line":995,"column":20},"end":{"line":995,"column":47}},"506":{"start":{"line":997,"column":17},"end":{"line":997,"column":18}},"507":{"start":{"line":998,"column":4},"end":{"line":1059,"column":5}},"508":{"start":{"line":999,"column":6},"end":{"line":1030,"column":7}},"509":{"start":{"line":999,"column":23},"end":{"line":999,"column":24}},"510":{"start":{"line":1000,"column":8},"end":{"line":1000,"column":23}},"511":{"start":{"line":1001,"column":8},"end":{"line":1001,"column":18}},"512":{"start":{"line":1003,"column":8},"end":{"line":1029,"column":9}},"513":{"start":{"line":1004,"column":10},"end":{"line":1018,"column":11}},"514":{"start":{"line":1005,"column":12},"end":{"line":1012,"column":13}},"515":{"start":{"line":1005,"column":25},"end":{"line":1005,"column":26}},"516":{"start":{"line":1008,"column":14},"end":{"line":1010,"column":15}},"517":{"start":{"line":1008,"column":27},"end":{"line":1008,"column":28}},"518":{"start":{"line":1009,"column":16},"end":{"line":1009,"column":63}},"519":{"start":{"line":1011,"column":14},"end":{"line":1011,"column":35}},"520":{"start":{"line":1014,"column":12},"end":{"line":1016,"column":13}},"521":{"start":{"line":1014,"column":25},"end":{"line":1014,"column":26}},"522":{"start":{"line":1015,"column":14},"end":{"line":1015,"column":61}},"523":{"start":{"line":1017,"column":12},"end":{"line":1017,"column":33}},"524":{"start":{"line":1020,"column":10},"end":{"line":1020,"column":28}},"525":{"start":{"line":1022,"column":10},"end":{"line":1022,"column":51}},"526":{"start":{"line":1024,"column":10},"end":{"line":1026,"column":11}},"527":{"start":{"line":1024,"column":23},"end":{"line":1024,"column":29}},"528":{"start":{"line":1025,"column":12},"end":{"line":1025,"column":68}},"529":{"start":{"line":1027,"column":10},"end":{"line":1027,"column":31}},"530":{"start":{"line":1028,"column":10},"end":{"line":1028,"column":28}},"531":{"start":{"line":1033,"column":6},"end":{"line":1033,"column":16}},"532":{"start":{"line":1034,"column":20},"end":{"line":1034,"column":21}},"533":{"start":{"line":1035,"column":6},"end":{"line":1056,"column":7}},"534":{"start":{"line":1035,"column":23},"end":{"line":1035,"column":24}},"535":{"start":{"line":1036,"column":8},"end":{"line":1036,"column":23}},"536":{"start":{"line":1038,"column":8},"end":{"line":1054,"column":9}},"537":{"start":{"line":1039,"column":10},"end":{"line":1047,"column":11}},"538":{"start":{"line":1040,"column":12},"end":{"line":1042,"column":13}},"539":{"start":{"line":1040,"column":25},"end":{"line":1040,"column":26}},"540":{"start":{"line":1041,"column":14},"end":{"line":1041,"column":61}},"541":{"start":{"line":1044,"column":12},"end":{"line":1046,"column":13}},"542":{"start":{"line":1044,"column":25},"end":{"line":1044,"column":26}},"543":{"start":{"line":1045,"column":14},"end":{"line":1045,"column":61}},"544":{"start":{"line":1049,"column":10},"end":{"line":1049,"column":52}},"545":{"start":{"line":1051,"column":10},"end":{"line":1053,"column":11}},"546":{"start":{"line":1051,"column":23},"end":{"line":1051,"column":30}},"547":{"start":{"line":1052,"column":12},"end":{"line":1052,"column":59}},"548":{"start":{"line":1055,"column":8},"end":{"line":1055,"column":29}},"549":{"start":{"line":1057,"column":6},"end":{"line":1057,"column":24}},"550":{"start":{"line":1061,"column":4},"end":{"line":1061,"column":38}},"551":{"start":{"line":1065,"column":4},"end":{"line":1065,"column":62}},"552":{"start":{"line":1066,"column":28},"end":{"line":1066,"column":59}},"553":{"start":{"line":1068,"column":4},"end":{"line":1068,"column":42}},"554":{"start":{"line":1070,"column":4},"end":{"line":1108,"column":5}},"555":{"start":{"line":1071,"column":6},"end":{"line":1089,"column":9}},"556":{"start":{"line":1072,"column":22},"end":{"line":1072,"column":64}},"557":{"start":{"line":1075,"column":8},"end":{"line":1088,"column":9}},"558":{"start":{"line":1076,"column":10},"end":{"line":1076,"column":28}},"559":{"start":{"line":1077,"column":23},"end":{"line":1077,"column":56}},"560":{"start":{"line":1079,"column":26},"end":{"line":1079,"column":28}},"561":{"start":{"line":1080,"column":10},"end":{"line":1083,"column":13}},"562":{"start":{"line":1082,"column":12},"end":{"line":1082,"column":76}},"563":{"start":{"line":1085,"column":10},"end":{"line":1085,"column":29}},"564":{"start":{"line":1087,"column":10},"end":{"line":1087,"column":42}},"565":{"start":{"line":1091,"column":20},"end":{"line":1091,"column":103}},"566":{"start":{"line":1093,"column":6},"end":{"line":1107,"column":7}},"567":{"start":{"line":1094,"column":8},"end":{"line":1094,"column":26}},"568":{"start":{"line":1095,"column":21},"end":{"line":1095,"column":54}},"569":{"start":{"line":1097,"column":24},"end":{"line":1097,"column":26}},"570":{"start":{"line":1098,"column":8},"end":{"line":1101,"column":11}},"571":{"start":{"line":1100,"column":10},"end":{"line":1100,"column":74}},"572":{"start":{"line":1104,"column":8},"end":{"line":1104,"column":27}},"573":{"start":{"line":1106,"column":8},"end":{"line":1106,"column":40}},"574":{"start":{"line":1110,"column":4},"end":{"line":1110,"column":87}},"575":{"start":{"line":1114,"column":4},"end":{"line":1116,"column":5}},"576":{"start":{"line":1115,"column":6},"end":{"line":1115,"column":24}},"577":{"start":{"line":1157,"column":4},"end":{"line":1157,"column":25}},"578":{"start":{"line":1163,"column":1},"end":{"line":1165,"column":2}},"579":{"start":{"line":1164,"column":2},"end":{"line":1164,"column":31}},"580":{"start":{"line":1167,"column":0},"end":{"line":1167,"column":24}}},"fnMap":{"0":{"name":"(anonymous_10)","decl":{"start":{"line":42,"column":2},"end":{"line":42,"column":14}},"loc":{"start":{"line":42,"column":59},"end":{"line":58,"column":3}}},"1":{"name":"(anonymous_11)","decl":{"start":{"line":54,"column":49},"end":{"line":54,"column":50}},"loc":{"start":{"line":54,"column":53},"end":{"line":56,"column":5}}},"2":{"name":"(anonymous_12)","decl":{"start":{"line":60,"column":2},"end":{"line":60,"column":13}},"loc":{"start":{"line":60,"column":25},"end":{"line":62,"column":3}}},"3":{"name":"(anonymous_13)","decl":{"start":{"line":69,"column":2},"end":{"line":69,"column":7}},"loc":{"start":{"line":69,"column":19},"end":{"line":199,"column":3}}},"4":{"name":"(anonymous_14)","decl":{"start":{"line":88,"column":29},"end":{"line":88,"column":32}},"loc":{"start":{"line":88,"column":34},"end":{"line":101,"column":5}}},"5":{"name":"(anonymous_15)","decl":{"start":{"line":103,"column":24},"end":{"line":103,"column":27}},"loc":{"start":{"line":103,"column":29},"end":{"line":107,"column":5}}},"6":{"name":"(anonymous_16)","decl":{"start":{"line":109,"column":28},"end":{"line":109,"column":31}},"loc":{"start":{"line":109,"column":33},"end":{"line":113,"column":5}}},"7":{"name":"(anonymous_17)","decl":{"start":{"line":115,"column":25},"end":{"line":115,"column":28}},"loc":{"start":{"line":115,"column":30},"end":{"line":118,"column":5}}},"8":{"name":"(anonymous_18)","decl":{"start":{"line":120,"column":24},"end":{"line":120,"column":27}},"loc":{"start":{"line":120,"column":29},"end":{"line":142,"column":5}}},"9":{"name":"(anonymous_19)","decl":{"start":{"line":144,"column":24},"end":{"line":144,"column":27}},"loc":{"start":{"line":144,"column":29},"end":{"line":183,"column":5}}},"10":{"name":"(anonymous_20)","decl":{"start":{"line":188,"column":32},"end":{"line":188,"column":33}},"loc":{"start":{"line":188,"column":41},"end":{"line":193,"column":5}}},"11":{"name":"(anonymous_21)","decl":{"start":{"line":201,"column":2},"end":{"line":201,"column":16}},"loc":{"start":{"line":201,"column":50},"end":{"line":228,"column":3}}},"12":{"name":"(anonymous_22)","decl":{"start":{"line":202,"column":30},"end":{"line":202,"column":35}},"loc":{"start":{"line":202,"column":38},"end":{"line":227,"column":5}}},"13":{"name":"(anonymous_23)","decl":{"start":{"line":212,"column":28},"end":{"line":212,"column":35}},"loc":{"start":{"line":212,"column":38},"end":{"line":223,"column":7}}},"14":{"name":"(anonymous_24)","decl":{"start":{"line":213,"column":24},"end":{"line":213,"column":25}},"loc":{"start":{"line":213,"column":43},"end":{"line":220,"column":9}}},"15":{"name":"(anonymous_25)","decl":{"start":{"line":230,"column":2},"end":{"line":230,"column":13}},"loc":{"start":{"line":230,"column":28},"end":{"line":265,"column":3}}},"16":{"name":"(anonymous_26)","decl":{"start":{"line":266,"column":10},"end":{"line":266,"column":18}},"loc":{"start":{"line":266,"column":18},"end":{"line":271,"column":3}}},"17":{"name":"(anonymous_27)","decl":{"start":{"line":272,"column":10},"end":{"line":272,"column":29}},"loc":{"start":{"line":272,"column":117},"end":{"line":278,"column":3}}},"18":{"name":"(anonymous_28)","decl":{"start":{"line":279,"column":10},"end":{"line":279,"column":22}},"loc":{"start":{"line":279,"column":22},"end":{"line":281,"column":3}}},"19":{"name":"(anonymous_29)","decl":{"start":{"line":282,"column":10},"end":{"line":282,"column":27}},"loc":{"start":{"line":282,"column":42},"end":{"line":300,"column":3}}},"20":{"name":"(anonymous_30)","decl":{"start":{"line":291,"column":60},"end":{"line":291,"column":61}},"loc":{"start":{"line":291,"column":65},"end":{"line":291,"column":82}}},"21":{"name":"(anonymous_31)","decl":{"start":{"line":292,"column":59},"end":{"line":292,"column":60}},"loc":{"start":{"line":292,"column":64},"end":{"line":292,"column":84}}},"22":{"name":"(anonymous_32)","decl":{"start":{"line":295,"column":63},"end":{"line":295,"column":64}},"loc":{"start":{"line":295,"column":68},"end":{"line":295,"column":85}}},"23":{"name":"(anonymous_33)","decl":{"start":{"line":296,"column":63},"end":{"line":296,"column":64}},"loc":{"start":{"line":296,"column":68},"end":{"line":296,"column":85}}},"24":{"name":"(anonymous_34)","decl":{"start":{"line":297,"column":62},"end":{"line":297,"column":63}},"loc":{"start":{"line":297,"column":67},"end":{"line":297,"column":87}}},"25":{"name":"(anonymous_35)","decl":{"start":{"line":301,"column":10},"end":{"line":301,"column":19}},"loc":{"start":{"line":301,"column":25},"end":{"line":311,"column":3}}},"26":{"name":"(anonymous_36)","decl":{"start":{"line":312,"column":10},"end":{"line":312,"column":22}},"loc":{"start":{"line":312,"column":28},"end":{"line":332,"column":3}}},"27":{"name":"(anonymous_37)","decl":{"start":{"line":334,"column":10},"end":{"line":334,"column":25}},"loc":{"start":{"line":334,"column":66},"end":{"line":336,"column":3}}},"28":{"name":"(anonymous_38)","decl":{"start":{"line":338,"column":10},"end":{"line":338,"column":20}},"loc":{"start":{"line":338,"column":106},"end":{"line":346,"column":3}}},"29":{"name":"(anonymous_39)","decl":{"start":{"line":347,"column":10},"end":{"line":347,"column":18}},"loc":{"start":{"line":347,"column":59},"end":{"line":366,"column":3}}},"30":{"name":"(anonymous_40)","decl":{"start":{"line":350,"column":38},"end":{"line":350,"column":50}},"loc":{"start":{"line":350,"column":53},"end":{"line":361,"column":5}}},"31":{"name":"(anonymous_41)","decl":{"start":{"line":363,"column":24},"end":{"line":363,"column":26}},"loc":{"start":{"line":363,"column":29},"end":{"line":365,"column":5}}},"32":{"name":"(anonymous_42)","decl":{"start":{"line":367,"column":10},"end":{"line":367,"column":28}},"loc":{"start":{"line":367,"column":69},"end":{"line":381,"column":3}}},"33":{"name":"(anonymous_43)","decl":{"start":{"line":382,"column":10},"end":{"line":382,"column":35}},"loc":{"start":{"line":382,"column":64},"end":{"line":403,"column":3}}},"34":{"name":"(anonymous_44)","decl":{"start":{"line":388,"column":64},"end":{"line":388,"column":65}},"loc":{"start":{"line":388,"column":68},"end":{"line":397,"column":7}}},"35":{"name":"(anonymous_45)","decl":{"start":{"line":399,"column":67},"end":{"line":399,"column":80}},"loc":{"start":{"line":399,"column":84},"end":{"line":399,"column":114}}},"36":{"name":"(anonymous_46)","decl":{"start":{"line":404,"column":2},"end":{"line":404,"column":15}},"loc":{"start":{"line":404,"column":36},"end":{"line":450,"column":3}}},"37":{"name":"(anonymous_47)","decl":{"start":{"line":407,"column":40},"end":{"line":407,"column":52}},"loc":{"start":{"line":407,"column":55},"end":{"line":448,"column":7}}},"38":{"name":"(anonymous_48)","decl":{"start":{"line":412,"column":24},"end":{"line":412,"column":25}},"loc":{"start":{"line":412,"column":42},"end":{"line":447,"column":9}}},"39":{"name":"(anonymous_49)","decl":{"start":{"line":451,"column":10},"end":{"line":451,"column":28}},"loc":{"start":{"line":451,"column":57},"end":{"line":458,"column":3}}},"40":{"name":"(anonymous_50)","decl":{"start":{"line":455,"column":65},"end":{"line":455,"column":78}},"loc":{"start":{"line":455,"column":82},"end":{"line":455,"column":112}}},"41":{"name":"(anonymous_51)","decl":{"start":{"line":459,"column":2},"end":{"line":459,"column":24}},"loc":{"start":{"line":459,"column":24},"end":{"line":469,"column":3}}},"42":{"name":"(anonymous_52)","decl":{"start":{"line":461,"column":38},"end":{"line":461,"column":51}},"loc":{"start":{"line":461,"column":54},"end":{"line":463,"column":5}}},"43":{"name":"(anonymous_53)","decl":{"start":{"line":470,"column":10},"end":{"line":470,"column":33}},"loc":{"start":{"line":470,"column":60},"end":{"line":472,"column":3}}},"44":{"name":"(anonymous_54)","decl":{"start":{"line":473,"column":10},"end":{"line":473,"column":28}},"loc":{"start":{"line":473,"column":55},"end":{"line":485,"column":3}}},"45":{"name":"(anonymous_55)","decl":{"start":{"line":486,"column":10},"end":{"line":486,"column":25}},"loc":{"start":{"line":486,"column":120},"end":{"line":516,"column":3}}},"46":{"name":"(anonymous_56)","decl":{"start":{"line":495,"column":26},"end":{"line":495,"column":33}},"loc":{"start":{"line":495,"column":36},"end":{"line":507,"column":5}}},"47":{"name":"(anonymous_57)","decl":{"start":{"line":496,"column":22},"end":{"line":496,"column":23}},"loc":{"start":{"line":496,"column":60},"end":{"line":503,"column":7}}},"48":{"name":"(anonymous_58)","decl":{"start":{"line":513,"column":29},"end":{"line":513,"column":30}},"loc":{"start":{"line":513,"column":33},"end":{"line":515,"column":5}}},"49":{"name":"(anonymous_59)","decl":{"start":{"line":517,"column":10},"end":{"line":517,"column":24}},"loc":{"start":{"line":517,"column":69},"end":{"line":530,"column":3}}},"50":{"name":"(anonymous_60)","decl":{"start":{"line":531,"column":10},"end":{"line":531,"column":29}},"loc":{"start":{"line":531,"column":45},"end":{"line":533,"column":3}}},"51":{"name":"(anonymous_61)","decl":{"start":{"line":534,"column":10},"end":{"line":534,"column":19}},"loc":{"start":{"line":534,"column":68},"end":{"line":611,"column":3}}},"52":{"name":"(anonymous_62)","decl":{"start":{"line":546,"column":20},"end":{"line":546,"column":21}},"loc":{"start":{"line":546,"column":34},"end":{"line":609,"column":5}}},"53":{"name":"(anonymous_63)","decl":{"start":{"line":574,"column":26},"end":{"line":574,"column":27}},"loc":{"start":{"line":574,"column":30},"end":{"line":576,"column":9}}},"54":{"name":"(anonymous_64)","decl":{"start":{"line":577,"column":29},"end":{"line":577,"column":30}},"loc":{"start":{"line":577,"column":33},"end":{"line":579,"column":9}}},"55":{"name":"(anonymous_65)","decl":{"start":{"line":605,"column":27},"end":{"line":605,"column":28}},"loc":{"start":{"line":605,"column":31},"end":{"line":607,"column":9}}},"56":{"name":"(anonymous_66)","decl":{"start":{"line":612,"column":10},"end":{"line":612,"column":33}},"loc":{"start":{"line":612,"column":52},"end":{"line":680,"column":3}}},"57":{"name":"(anonymous_67)","decl":{"start":{"line":661,"column":23},"end":{"line":661,"column":null}},"loc":{"start":{"line":661,"column":23},"end":{"line":664,"column":5}}},"58":{"name":"(anonymous_68)","decl":{"start":{"line":665,"column":19},"end":{"line":665,"column":null}},"loc":{"start":{"line":665,"column":19},"end":{"line":668,"column":5}}},"59":{"name":"(anonymous_69)","decl":{"start":{"line":670,"column":27},"end":{"line":670,"column":null}},"loc":{"start":{"line":670,"column":27},"end":{"line":673,"column":5}}},"60":{"name":"(anonymous_70)","decl":{"start":{"line":674,"column":21},"end":{"line":674,"column":null}},"loc":{"start":{"line":674,"column":21},"end":{"line":677,"column":5}}},"61":{"name":"(anonymous_71)","decl":{"start":{"line":681,"column":10},"end":{"line":681,"column":25}},"loc":{"start":{"line":681,"column":46},"end":{"line":721,"column":3}}},"62":{"name":"(anonymous_72)","decl":{"start":{"line":689,"column":24},"end":{"line":689,"column":31}},"loc":{"start":{"line":689,"column":34},"end":{"line":691,"column":9}}},"63":{"name":"(anonymous_73)","decl":{"start":{"line":693,"column":24},"end":{"line":693,"column":31}},"loc":{"start":{"line":693,"column":34},"end":{"line":695,"column":9}}},"64":{"name":"(anonymous_74)","decl":{"start":{"line":706,"column":26},"end":{"line":706,"column":33}},"loc":{"start":{"line":706,"column":36},"end":{"line":708,"column":11}}},"65":{"name":"(anonymous_75)","decl":{"start":{"line":711,"column":26},"end":{"line":711,"column":33}},"loc":{"start":{"line":711,"column":36},"end":{"line":713,"column":11}}},"66":{"name":"(anonymous_76)","decl":{"start":{"line":722,"column":10},"end":{"line":722,"column":32}},"loc":{"start":{"line":722,"column":51},"end":{"line":728,"column":3}}},"67":{"name":"(anonymous_77)","decl":{"start":{"line":729,"column":10},"end":{"line":729,"column":36}},"loc":{"start":{"line":729,"column":55},"end":{"line":733,"column":3}}},"68":{"name":"(anonymous_78)","decl":{"start":{"line":734,"column":10},"end":{"line":734,"column":22}},"loc":{"start":{"line":734,"column":41},"end":{"line":739,"column":3}}},"69":{"name":"(anonymous_79)","decl":{"start":{"line":740,"column":10},"end":{"line":740,"column":19}},"loc":{"start":{"line":740,"column":38},"end":{"line":744,"column":3}}},"70":{"name":"(anonymous_80)","decl":{"start":{"line":745,"column":10},"end":{"line":745,"column":33}},"loc":{"start":{"line":745,"column":65},"end":{"line":819,"column":3}}},"71":{"name":"(anonymous_81)","decl":{"start":{"line":820,"column":10},"end":{"line":820,"column":23}},"loc":{"start":{"line":820,"column":72},"end":{"line":838,"column":3}}},"72":{"name":"(anonymous_82)","decl":{"start":{"line":821,"column":20},"end":{"line":821,"column":21}},"loc":{"start":{"line":821,"column":34},"end":{"line":837,"column":5}}},"73":{"name":"(anonymous_83)","decl":{"start":{"line":831,"column":24},"end":{"line":831,"column":25}},"loc":{"start":{"line":831,"column":28},"end":{"line":833,"column":7}}},"74":{"name":"(anonymous_84)","decl":{"start":{"line":834,"column":27},"end":{"line":834,"column":28}},"loc":{"start":{"line":834,"column":31},"end":{"line":836,"column":7}}},"75":{"name":"(anonymous_85)","decl":{"start":{"line":839,"column":10},"end":{"line":839,"column":15}},"loc":{"start":{"line":839,"column":56},"end":{"line":870,"column":3}}},"76":{"name":"(anonymous_86)","decl":{"start":{"line":844,"column":38},"end":{"line":844,"column":50}},"loc":{"start":{"line":844,"column":53},"end":{"line":863,"column":5}}},"77":{"name":"(anonymous_87)","decl":{"start":{"line":847,"column":67},"end":{"line":847,"column":74}},"loc":{"start":{"line":847,"column":77},"end":{"line":854,"column":9}}},"78":{"name":"(anonymous_88)","decl":{"start":{"line":871,"column":10},"end":{"line":871,"column":23}},"loc":{"start":{"line":871,"column":88},"end":{"line":889,"column":3}}},"79":{"name":"(anonymous_89)","decl":{"start":{"line":875,"column":19},"end":{"line":875,"column":20}},"loc":{"start":{"line":875,"column":39},"end":{"line":885,"column":5}}},"80":{"name":"(anonymous_90)","decl":{"start":{"line":890,"column":10},"end":{"line":890,"column":30}},"loc":{"start":{"line":890,"column":38},"end":{"line":912,"column":3}}},"81":{"name":"(anonymous_91)","decl":{"start":{"line":894,"column":40},"end":{"line":894,"column":52}},"loc":{"start":{"line":894,"column":55},"end":{"line":910,"column":7}}},"82":{"name":"(anonymous_92)","decl":{"start":{"line":913,"column":10},"end":{"line":913,"column":20}},"loc":{"start":{"line":913,"column":61},"end":{"line":919,"column":3}}},"83":{"name":"(anonymous_93)","decl":{"start":{"line":920,"column":10},"end":{"line":920,"column":24}},"loc":{"start":{"line":920,"column":70},"end":{"line":929,"column":3}}},"84":{"name":"(anonymous_94)","decl":{"start":{"line":959,"column":10},"end":{"line":959,"column":16}},"loc":{"start":{"line":959,"column":31},"end":{"line":970,"column":3}}},"85":{"name":"(anonymous_95)","decl":{"start":{"line":964,"column":61},"end":{"line":964,"column":62}},"loc":{"start":{"line":964,"column":66},"end":{"line":964,"column":83}}},"86":{"name":"(anonymous_96)","decl":{"start":{"line":967,"column":64},"end":{"line":967,"column":65}},"loc":{"start":{"line":967,"column":69},"end":{"line":967,"column":86}}},"87":{"name":"(anonymous_97)","decl":{"start":{"line":971,"column":10},"end":{"line":971,"column":19}},"loc":{"start":{"line":971,"column":25},"end":{"line":984,"column":3}}},"88":{"name":"(anonymous_98)","decl":{"start":{"line":985,"column":10},"end":{"line":985,"column":19}},"loc":{"start":{"line":985,"column":19},"end":{"line":989,"column":3}}},"89":{"name":"(anonymous_99)","decl":{"start":{"line":990,"column":10},"end":{"line":990,"column":20}},"loc":{"start":{"line":990,"column":49},"end":{"line":1062,"column":3}}},"90":{"name":"(anonymous_100)","decl":{"start":{"line":1064,"column":10},"end":{"line":1064,"column":23}},"loc":{"start":{"line":1064,"column":52},"end":{"line":1111,"column":3}}},"91":{"name":"(anonymous_101)","decl":{"start":{"line":1071,"column":65},"end":{"line":1071,"column":72}},"loc":{"start":{"line":1071,"column":75},"end":{"line":1089,"column":7}}},"92":{"name":"(anonymous_102)","decl":{"start":{"line":1080,"column":25},"end":{"line":1080,"column":32}},"loc":{"start":{"line":1080,"column":35},"end":{"line":1083,"column":11}}},"93":{"name":"(anonymous_103)","decl":{"start":{"line":1098,"column":23},"end":{"line":1098,"column":30}},"loc":{"start":{"line":1098,"column":33},"end":{"line":1101,"column":9}}},"94":{"name":"(anonymous_104)","decl":{"start":{"line":1113,"column":10},"end":{"line":1113,"column":29}},"loc":{"start":{"line":1113,"column":29},"end":{"line":1117,"column":3}}},"95":{"name":"(anonymous_105)","decl":{"start":{"line":1156,"column":2},"end":{"line":1156,"column":13}},"loc":{"start":{"line":1156,"column":13},"end":{"line":1158,"column":3}}},"96":{"name":"(anonymous_106)","decl":{"start":{"line":1163,"column":30},"end":{"line":1163,"column":40}},"loc":{"start":{"line":1163,"column":65},"end":{"line":1165,"column":1}}}},"branchMap":{"0":{"loc":{"start":{"line":44,"column":41},"end":{"line":44,"column":62}},"type":"binary-expr","locations":[{"start":{"line":44,"column":41},"end":{"line":44,"column":56}},{"start":{"line":44,"column":60},"end":{"line":44,"column":62}}]},"1":{"loc":{"start":{"line":90,"column":6},"end":{"line":100,"column":7}},"type":"if","locations":[{"start":{"line":90,"column":6},"end":{"line":100,"column":7}},{"start":{"line":95,"column":13},"end":{"line":100,"column":7}}]},"2":{"loc":{"start":{"line":92,"column":8},"end":{"line":94,"column":9}},"type":"if","locations":[{"start":{"line":92,"column":8},"end":{"line":94,"column":9}},{"start":{},"end":{}}]},"3":{"loc":{"start":{"line":97,"column":8},"end":{"line":99,"column":9}},"type":"if","locations":[{"start":{"line":97,"column":8},"end":{"line":99,"column":9}},{"start":{},"end":{}}]},"4":{"loc":{"start":{"line":191,"column":6},"end":{"line":191,"column":83}},"type":"if","locations":[{"start":{"line":191,"column":6},"end":{"line":191,"column":83}},{"start":{},"end":{}}]},"5":{"loc":{"start":{"line":192,"column":6},"end":{"line":192,"column":96}},"type":"if","locations":[{"start":{"line":192,"column":6},"end":{"line":192,"column":96}},{"start":{},"end":{}}]},"6":{"loc":{"start":{"line":214,"column":10},"end":{"line":219,"column":11}},"type":"if","locations":[{"start":{"line":214,"column":10},"end":{"line":219,"column":11}},{"start":{"line":216,"column":17},"end":{"line":219,"column":11}}]},"7":{"loc":{"start":{"line":234,"column":4},"end":{"line":264,"column":5}},"type":"if","locations":[{"start":{"line":234,"column":4},"end":{"line":264,"column":5}},{"start":{},"end":{}}]},"8":{"loc":{"start":{"line":236,"column":6},"end":{"line":263,"column":7}},"type":"switch","locations":[{"start":{"line":237,"column":8},"end":{"line":246,"column":16}},{"start":{"line":247,"column":8},"end":{"line":254,"column":16}},{"start":{"line":255,"column":8},"end":{"line":262,"column":16}}]},"9":{"loc":{"start":{"line":275,"column":4},"end":{"line":275,"column":77}},"type":"cond-expr","locations":[{"start":{"line":275,"column":21},"end":{"line":275,"column":47}},{"start":{"line":275,"column":50},"end":{"line":275,"column":77}}]},"10":{"loc":{"start":{"line":276,"column":4},"end":{"line":276,"column":98}},"type":"cond-expr","locations":[{"start":{"line":276,"column":28},"end":{"line":276,"column":61}},{"start":{"line":276,"column":64},"end":{"line":276,"column":98}}]},"11":{"loc":{"start":{"line":277,"column":4},"end":{"line":277,"column":98}},"type":"cond-expr","locations":[{"start":{"line":277,"column":28},"end":{"line":277,"column":61}},{"start":{"line":277,"column":64},"end":{"line":277,"column":98}}]},"12":{"loc":{"start":{"line":285,"column":20},"end":{"line":285,"column":40}},"type":"cond-expr","locations":[{"start":{"line":285,"column":28},"end":{"line":285,"column":32}},{"start":{"line":285,"column":35},"end":{"line":285,"column":40}}]},"13":{"loc":{"start":{"line":289,"column":4},"end":{"line":298,"column":5}},"type":"if","locations":[{"start":{"line":289,"column":4},"end":{"line":298,"column":5}},{"start":{"line":294,"column":9},"end":{"line":298,"column":5}}]},"14":{"loc":{"start":{"line":303,"column":4},"end":{"line":310,"column":5}},"type":"if","locations":[{"start":{"line":303,"column":4},"end":{"line":310,"column":5}},{"start":{"line":305,"column":11},"end":{"line":310,"column":5}}]},"15":{"loc":{"start":{"line":319,"column":4},"end":{"line":329,"column":5}},"type":"switch","locations":[{"start":{"line":320,"column":6},"end":{"line":322,"column":14}},{"start":{"line":323,"column":6},"end":{"line":325,"column":14}},{"start":{"line":327,"column":6},"end":{"line":328,"column":14}}]},"16":{"loc":{"start":{"line":338,"column":82},"end":{"line":338,"column":106}},"type":"default-arg","locations":[{"start":{"line":338,"column":101},"end":{"line":338,"column":106}}]},"17":{"loc":{"start":{"line":341,"column":4},"end":{"line":345,"column":5}},"type":"if","locations":[{"start":{"line":341,"column":4},"end":{"line":345,"column":5}},{"start":{"line":343,"column":11},"end":{"line":345,"column":5}}]},"18":{"loc":{"start":{"line":341,"column":8},"end":{"line":341,"column":93}},"type":"binary-expr","locations":[{"start":{"line":341,"column":8},"end":{"line":341,"column":26}},{"start":{"line":341,"column":30},"end":{"line":341,"column":38}},{"start":{"line":341,"column":42},"end":{"line":341,"column":78}},{"start":{"line":341,"column":82},"end":{"line":341,"column":93}}]},"19":{"loc":{"start":{"line":356,"column":6},"end":{"line":358,"column":7}},"type":"if","locations":[{"start":{"line":356,"column":6},"end":{"line":358,"column":7}},{"start":{},"end":{}}]},"20":{"loc":{"start":{"line":370,"column":4},"end":{"line":378,"column":5}},"type":"if","locations":[{"start":{"line":370,"column":4},"end":{"line":378,"column":5}},{"start":{},"end":{}}]},"21":{"loc":{"start":{"line":371,"column":6},"end":{"line":377,"column":7}},"type":"if","locations":[{"start":{"line":371,"column":6},"end":{"line":377,"column":7}},{"start":{"line":373,"column":13},"end":{"line":377,"column":7}}]},"22":{"loc":{"start":{"line":371,"column":10},"end":{"line":371,"column":93}},"type":"binary-expr","locations":[{"start":{"line":371,"column":10},"end":{"line":371,"column":49}},{"start":{"line":371,"column":53},"end":{"line":371,"column":93}}]},"23":{"loc":{"start":{"line":373,"column":13},"end":{"line":377,"column":7}},"type":"if","locations":[{"start":{"line":373,"column":13},"end":{"line":377,"column":7}},{"start":{"line":375,"column":13},"end":{"line":377,"column":7}}]},"24":{"loc":{"start":{"line":373,"column":17},"end":{"line":373,"column":98}},"type":"binary-expr","locations":[{"start":{"line":373,"column":17},"end":{"line":373,"column":59}},{"start":{"line":373,"column":63},"end":{"line":373,"column":98}}]},"25":{"loc":{"start":{"line":386,"column":4},"end":{"line":402,"column":5}},"type":"if","locations":[{"start":{"line":386,"column":4},"end":{"line":402,"column":5}},{"start":{},"end":{}}]},"26":{"loc":{"start":{"line":389,"column":8},"end":{"line":392,"column":9}},"type":"if","locations":[{"start":{"line":389,"column":8},"end":{"line":392,"column":9}},{"start":{},"end":{}}]},"27":{"loc":{"start":{"line":389,"column":12},"end":{"line":389,"column":114}},"type":"binary-expr","locations":[{"start":{"line":389,"column":12},"end":{"line":389,"column":58}},{"start":{"line":389,"column":62},"end":{"line":389,"column":114}}]},"28":{"loc":{"start":{"line":394,"column":8},"end":{"line":396,"column":9}},"type":"if","locations":[{"start":{"line":394,"column":8},"end":{"line":396,"column":9}},{"start":{},"end":{}}]},"29":{"loc":{"start":{"line":394,"column":12},"end":{"line":394,"column":114}},"type":"binary-expr","locations":[{"start":{"line":394,"column":12},"end":{"line":394,"column":58}},{"start":{"line":394,"column":62},"end":{"line":394,"column":114}}]},"30":{"loc":{"start":{"line":406,"column":4},"end":{"line":449,"column":5}},"type":"if","locations":[{"start":{"line":406,"column":4},"end":{"line":449,"column":5}},{"start":{},"end":{}}]},"31":{"loc":{"start":{"line":417,"column":10},"end":{"line":427,"column":11}},"type":"if","locations":[{"start":{"line":417,"column":10},"end":{"line":427,"column":11}},{"start":{"line":422,"column":17},"end":{"line":427,"column":11}}]},"32":{"loc":{"start":{"line":418,"column":12},"end":{"line":420,"column":13}},"type":"if","locations":[{"start":{"line":418,"column":12},"end":{"line":420,"column":13}},{"start":{},"end":{}}]},"33":{"loc":{"start":{"line":423,"column":12},"end":{"line":425,"column":13}},"type":"if","locations":[{"start":{"line":423,"column":12},"end":{"line":425,"column":13}},{"start":{},"end":{}}]},"34":{"loc":{"start":{"line":435,"column":10},"end":{"line":446,"column":11}},"type":"if","locations":[{"start":{"line":435,"column":10},"end":{"line":446,"column":11}},{"start":{"line":440,"column":17},"end":{"line":446,"column":11}}]},"35":{"loc":{"start":{"line":435,"column":14},"end":{"line":435,"column":36}},"type":"binary-expr","locations":[{"start":{"line":435,"column":14},"end":{"line":435,"column":20}},{"start":{"line":435,"column":24},"end":{"line":435,"column":36}}]},"36":{"loc":{"start":{"line":440,"column":17},"end":{"line":446,"column":11}},"type":"if","locations":[{"start":{"line":440,"column":17},"end":{"line":446,"column":11}},{"start":{},"end":{}}]},"37":{"loc":{"start":{"line":440,"column":21},"end":{"line":440,"column":41}},"type":"binary-expr","locations":[{"start":{"line":440,"column":21},"end":{"line":440,"column":27}},{"start":{"line":440,"column":31},"end":{"line":440,"column":41}}]},"38":{"loc":{"start":{"line":476,"column":4},"end":{"line":480,"column":5}},"type":"if","locations":[{"start":{"line":476,"column":4},"end":{"line":480,"column":5}},{"start":{"line":478,"column":11},"end":{"line":480,"column":5}}]},"39":{"loc":{"start":{"line":477,"column":6},"end":{"line":477,"column":57}},"type":"if","locations":[{"start":{"line":477,"column":6},"end":{"line":477,"column":57}},{"start":{},"end":{}}]},"40":{"loc":{"start":{"line":479,"column":6},"end":{"line":479,"column":51}},"type":"if","locations":[{"start":{"line":479,"column":6},"end":{"line":479,"column":51}},{"start":{},"end":{}}]},"41":{"loc":{"start":{"line":481,"column":4},"end":{"line":484,"column":5}},"type":"if","locations":[{"start":{"line":481,"column":4},"end":{"line":484,"column":5}},{"start":{"line":482,"column":9},"end":{"line":484,"column":5}}]},"42":{"loc":{"start":{"line":486,"column":87},"end":{"line":486,"column":120}},"type":"default-arg","locations":[{"start":{"line":486,"column":115},"end":{"line":486,"column":120}}]},"43":{"loc":{"start":{"line":489,"column":20},"end":{"line":489,"column":97}},"type":"cond-expr","locations":[{"start":{"line":489,"column":31},"end":{"line":489,"column":87}},{"start":{"line":489,"column":90},"end":{"line":489,"column":97}}]},"44":{"loc":{"start":{"line":497,"column":8},"end":{"line":502,"column":9}},"type":"if","locations":[{"start":{"line":497,"column":8},"end":{"line":502,"column":9}},{"start":{"line":499,"column":15},"end":{"line":502,"column":9}}]},"45":{"loc":{"start":{"line":541,"column":4},"end":{"line":545,"column":5}},"type":"if","locations":[{"start":{"line":541,"column":4},"end":{"line":545,"column":5}},{"start":{},"end":{}}]},"46":{"loc":{"start":{"line":548,"column":6},"end":{"line":550,"column":7}},"type":"if","locations":[{"start":{"line":548,"column":6},"end":{"line":550,"column":7}},{"start":{},"end":{}}]},"47":{"loc":{"start":{"line":548,"column":10},"end":{"line":548,"column":63}},"type":"binary-expr","locations":[{"start":{"line":548,"column":10},"end":{"line":548,"column":29}},{"start":{"line":548,"column":33},"end":{"line":548,"column":63}}]},"48":{"loc":{"start":{"line":551,"column":6},"end":{"line":553,"column":7}},"type":"if","locations":[{"start":{"line":551,"column":6},"end":{"line":553,"column":7}},{"start":{},"end":{}}]},"49":{"loc":{"start":{"line":551,"column":10},"end":{"line":551,"column":67}},"type":"binary-expr","locations":[{"start":{"line":551,"column":10},"end":{"line":551,"column":31}},{"start":{"line":551,"column":35},"end":{"line":551,"column":67}}]},"50":{"loc":{"start":{"line":554,"column":6},"end":{"line":556,"column":7}},"type":"if","locations":[{"start":{"line":554,"column":6},"end":{"line":556,"column":7}},{"start":{},"end":{}}]},"51":{"loc":{"start":{"line":554,"column":10},"end":{"line":554,"column":63}},"type":"binary-expr","locations":[{"start":{"line":554,"column":10},"end":{"line":554,"column":29}},{"start":{"line":554,"column":33},"end":{"line":554,"column":63}}]},"52":{"loc":{"start":{"line":560,"column":16},"end":{"line":560,"column":87}},"type":"cond-expr","locations":[{"start":{"line":560,"column":50},"end":{"line":560,"column":82}},{"start":{"line":560,"column":85},"end":{"line":560,"column":87}}]},"53":{"loc":{"start":{"line":561,"column":22},"end":{"line":561,"column":101}},"type":"binary-expr","locations":[{"start":{"line":561,"column":22},"end":{"line":561,"column":65}},{"start":{"line":561,"column":69},"end":{"line":561,"column":101}}]},"54":{"loc":{"start":{"line":564,"column":6},"end":{"line":569,"column":7}},"type":"if","locations":[{"start":{"line":564,"column":6},"end":{"line":569,"column":7}},{"start":{},"end":{}}]},"55":{"loc":{"start":{"line":564,"column":10},"end":{"line":564,"column":77}},"type":"binary-expr","locations":[{"start":{"line":564,"column":10},"end":{"line":564,"column":29}},{"start":{"line":564,"column":33},"end":{"line":564,"column":54}},{"start":{"line":564,"column":58},"end":{"line":564,"column":77}}]},"56":{"loc":{"start":{"line":566,"column":8},"end":{"line":568,"column":9}},"type":"if","locations":[{"start":{"line":566,"column":8},"end":{"line":568,"column":9}},{"start":{},"end":{}}]},"57":{"loc":{"start":{"line":573,"column":6},"end":{"line":580,"column":7}},"type":"if","locations":[{"start":{"line":573,"column":6},"end":{"line":580,"column":7}},{"start":{},"end":{}}]},"58":{"loc":{"start":{"line":582,"column":6},"end":{"line":586,"column":7}},"type":"if","locations":[{"start":{"line":582,"column":6},"end":{"line":586,"column":7}},{"start":{},"end":{}}]},"59":{"loc":{"start":{"line":582,"column":10},"end":{"line":582,"column":63}},"type":"bi
[...]
mn":25},"end":{"line":173,"column":40}},"92":{"start":{"line":174,"column":25},"end":{"line":174,"column":34}},"93":{"start":{"line":175,"column":26},"end":{"line":175,"column":34}},"94":{"start":{"line":176,"column":26},"end":{"line":176,"column":38}},"95":{"start":{"line":178,"column":12},"end":{"line":193,"column":13}},"96":{"start":{"line":179,"column":16},"end":{"line":179,"column":77}},"97":{"start":{"line":180,"column":16},"end":{"line":180,"column":96}},"98":{"start":{"line":181,"column":19},"end":{"line":193,"column":13}},"99":{"start":{"line":182,"column":16},"end":{"line":182,"column":78}},"100":{"start":{"line":183,"column":16},"end":{"line":183,"column":97}},"101":{"start":{"line":184,"column":19},"end":{"line":193,"column":13}},"102":{"start":{"line":185,"column":16},"end":{"line":185,"column":55}},"103":{"start":{"line":186,"column":16},"end":{"line":186,"column":97}},"104":{"start":{"line":187,"column":19},"end":{"line":193,"column":13}},"105":{"start":{"line":188,"column":16},"end":{"line":188,"column":55}},"106":{"start":{"line":189,"column":16},"end":{"line":189,"column":97}},"107":{"start":{"line":191,"column":16},"end":{"line":191,"column":55}},"108":{"start":{"line":192,"column":16},"end":{"line":192,"column":97}},"109":{"start":{"line":136,"column":0},"end":{"line":136,"column":13}},"110":{"start":{"line":202,"column":11},"end":{"line":202,"column":null}},"111":{"start":{"line":203,"column":11},"end":{"line":203,"column":null}},"112":{"start":{"line":204,"column":11},"end":{"line":204,"column":null}},"113":{"start":{"line":205,"column":11},"end":{"line":205,"column":null}},"114":{"start":{"line":208,"column":21},"end":{"line":208,"column":33}},"115":{"start":{"line":209,"column":28},"end":{"line":209,"column":82}},"116":{"start":{"line":210,"column":8},"end":{"line":283,"column":9}},"117":{"start":{"line":211,"column":12},"end":{"line":249,"column":13}},"118":{"start":{"line":212,"column":16},"end":{"line":212,"column":38}},"119":{"start":{"line":213,"column":16},"end":{"line":213,"column":82}},"120":{"start":{"line":214,"column":16},"end":{"line":214,"column":40}},"121":{"start":{"line":215,"column":16},"end":{"line":215,"column":84}},"122":{"start":{"line":216,"column":19},"end":{"line":249,"column":13}},"123":{"start":{"line":217,"column":16},"end":{"line":217,"column":62}},"124":{"start":{"line":218,"column":16},"end":{"line":218,"column":85}},"125":{"start":{"line":219,"column":19},"end":{"line":249,"column":13}},"126":{"start":{"line":220,"column":16},"end":{"line":226,"column":17}},"127":{"start":{"line":221,"column":20},"end":{"line":221,"column":66}},"128":{"start":{"line":222,"column":20},"end":{"line":222,"column":90}},"129":{"start":{"line":224,"column":20},"end":{"line":224,"column":63}},"130":{"start":{"line":225,"column":20},"end":{"line":225,"column":90}},"131":{"start":{"line":228,"column":17},"end":{"line":249,"column":13}},"132":{"start":{"line":229,"column":16},"end":{"line":235,"column":17}},"133":{"start":{"line":230,"column":20},"end":{"line":230,"column":66}},"134":{"start":{"line":231,"column":20},"end":{"line":231,"column":90}},"135":{"start":{"line":233,"column":20},"end":{"line":233,"column":73}},"136":{"start":{"line":234,"column":20},"end":{"line":234,"column":90}},"137":{"start":{"line":237,"column":17},"end":{"line":249,"column":13}},"138":{"start":{"line":238,"column":16},"end":{"line":244,"column":17}},"139":{"start":{"line":239,"column":20},"end":{"line":239,"column":66}},"140":{"start":{"line":240,"column":20},"end":{"line":240,"column":90}},"141":{"start":{"line":242,"column":20},"end":{"line":242,"column":74}},"142":{"start":{"line":243,"column":20},"end":{"line":243,"column":89}},"143":{"start":{"line":247,"column":16},"end":{"line":247,"column":72}},"144":{"start":{"line":248,"column":16},"end":{"line":248,"column":86}},"145":{"start":{"line":252,"column":26},"end":{"line":252,"column":39}},"146":{"start":{"line":253,"column":26},"end":{"line":253,"column":43}},"147":{"start":{"line":254,"column":27},"end":{"line":254,"column":42}},"148":{"start":{"line":255,"column":26},"end":{"line":255,"column":45}},"149":{"start":{"line":256,"column":27},"end":{"line":256,"column":49}},"150":{"start":{"line":258,"column":12},"end":{"line":282,"column":13}},"151":{"start":{"line":259,"column":16},"end":{"line":259,"column":65}},"152":{"start":{"line":260,"column":16},"end":{"line":260,"column":92}},"153":{"start":{"line":261,"column":19},"end":{"line":282,"column":13}},"154":{"start":{"line":262,"column":16},"end":{"line":262,"column":54}},"155":{"start":{"line":263,"column":16},"end":{"line":263,"column":93}},"156":{"start":{"line":264,"column":19},"end":{"line":282,"column":13}},"157":{"start":{"line":265,"column":16},"end":{"line":265,"column":53}},"158":{"start":{"line":266,"column":16},"end":{"line":266,"column":92}},"159":{"start":{"line":267,"column":19},"end":{"line":282,"column":13}},"160":{"start":{"line":268,"column":16},"end":{"line":268,"column":53}},"161":{"start":{"line":269,"column":16},"end":{"line":269,"column":92}},"162":{"start":{"line":270,"column":19},"end":{"line":282,"column":13}},"163":{"start":{"line":271,"column":16},"end":{"line":271,"column":53}},"164":{"start":{"line":272,"column":16},"end":{"line":272,"column":92}},"165":{"start":{"line":273,"column":19},"end":{"line":282,"column":13}},"166":{"start":{"line":274,"column":16},"end":{"line":274,"column":54}},"167":{"start":{"line":275,"column":16},"end":{"line":275,"column":93}},"168":{"start":{"line":276,"column":19},"end":{"line":282,"column":13}},"169":{"start":{"line":277,"column":16},"end":{"line":277,"column":54}},"170":{"start":{"line":278,"column":16},"end":{"line":278,"column":93}},"171":{"start":{"line":280,"column":16},"end":{"line":280,"column":54}},"172":{"start":{"line":281,"column":16},"end":{"line":281,"column":93}},"173":{"start":{"line":201,"column":0},"end":{"line":201,"column":13}}},"fnMap":{"0":{"name":"(anonymous_9)","decl":{"start":{"line":29,"column":4},"end":{"line":29,"column":10}},"loc":{"start":{"line":29,"column":60},"end":{"line":42,"column":5}}},"1":{"name":"(anonymous_10)","decl":{"start":{"line":31,"column":24},"end":{"line":31,"column":26}},"loc":{"start":{"line":31,"column":29},"end":{"line":35,"column":9}}},"2":{"name":"(anonymous_11)","decl":{"start":{"line":59,"column":4},"end":{"line":59,"column":16}},"loc":{"start":{"line":59,"column":94},"end":{"line":68,"column":5}}},"3":{"name":"(anonymous_12)","decl":{"start":{"line":69,"column":4},"end":{"line":69,"column":16}},"loc":{"start":{"line":69,"column":42},"end":{"line":90,"column":5}}},"4":{"name":"(anonymous_13)","decl":{"start":{"line":91,"column":4},"end":{"line":91,"column":16}},"loc":{"start":{"line":91,"column":133},"end":{"line":101,"column":5}}},"5":{"name":"(anonymous_14)","decl":{"start":{"line":94,"column":25},"end":{"line":94,"column":26}},"loc":{"start":{"line":94,"column":29},"end":{"line":96,"column":9}}},"6":{"name":"(anonymous_15)","decl":{"start":{"line":102,"column":12},"end":{"line":102,"column":30}},"loc":{"start":{"line":102,"column":115},"end":{"line":130,"column":5}}},"7":{"name":"(anonymous_16)","decl":{"start":{"line":125,"column":26},"end":{"line":125,"column":27}},"loc":{"start":{"line":125,"column":35},"end":{"line":127,"column":13}}},"8":{"name":"(anonymous_17)","decl":{"start":{"line":142,"column":4},"end":{"line":142,"column":16}},"loc":{"start":{"line":142,"column":60},"end":{"line":195,"column":5}}},"9":{"name":"(anonymous_18)","decl":{"start":{"line":207,"column":4},"end":{"line":207,"column":16}},"loc":{"start":{"line":207,"column":66},"end":{"line":284,"column":5}}}},"branchMap":{"0":{"loc":{"start":{"line":29,"column":41},"end":{"line":29,"column":60}},"type":"default-arg","locations":[{"start":{"line":29,"column":59},"end":{"line":29,"column":60}}]},"1":{"loc":{"start":{"line":32,"column":12},"end":{"line":33,"column":13}},"type":"if","locations":[{"start":{"line":32,"column":12},"end":{"line":33,"column":13}},{"start":{},"end":{}}]},"2":{"loc":{"start":{"line":32,"column":16},"end":{"line":32,"column":46}},"type":"binary-expr","locations":[{"start":{"line":32,"column":16},"end":{"line":32,"column":29}},{"start":{"line":32,"column":33},"end":{"line":32,"column":46}}]},"3":{"loc":{"start":{"line":38,"column":8},"end":{"line":40,"column":9}},"type":"if","locations":[{"start":{"line":38,"column":8},"end":{"line":40,"column":9}},{"start":{},"end":{}}]},"4":{"loc":{"start":{"line":59,"column":16},"end":{"line":59,"column":34}},"type":"default-arg","locations":[{"start":{"line":59,"column":33},"end":{"line":59,"column":34}}]},"5":{"loc":{"start":{"line":59,"column":36},"end":{"line":59,"column":54}},"type":"default-arg","locations":[{"start":{"line":59,"column":53},"end":{"line":59,"column":54}}]},"6":{"loc":{"start":{"line":59,"column":56},"end":{"line":59,"column":74}},"type":"default-arg","locations":[{"start":{"line":59,"column":73},"end":{"line":59,"column":74}}]},"7":{"loc":{"start":{"line":59,"column":76},"end":{"line":59,"column":94}},"type":"default-arg","locations":[{"start":{"line":59,"column":93},"end":{"line":59,"column":94}}]},"8":{"loc":{"start":{"line":70,"column":8},"end":{"line":89,"column":9}},"type":"switch","locations":[{"start":{"line":71,"column":12},"end":{"line":72,"column":48}},{"start":{"line":73,"column":12},"end":{"line":74,"column":43}},{"start":{"line":75,"column":12},"end":{"line":76,"column":48}},{"start":{"line":77,"column":12},"end":{"line":78,"column":44}},{"start":{"line":79,"column":12},"end":{"line":80,"column":48}},{"start":{"line":81,"column":12},"end":{"line":82,"column":43}},{"start":{"line":83,"column":12},"end":{"line":84,"column":48}},{"start":{"line":85,"column":12},"end":{"line":86,"column":44}},{"start":{"line":87,"column":12},"end":{"line":88,"column":32}}]},"9":{"loc":{"start":{"line":91,"column":17},"end":{"line":91,"column":73}},"type":"default-arg","locations":[{"start":{"line":91,"column":49},"end":{"line":91,"column":73}}]},"10":{"loc":{"start":{"line":91,"column":75},"end":{"line":91,"column":101}},"type":"default-arg","locations":[{"start":{"line":91,"column":96},"end":{"line":91,"column":101}}]},"11":{"loc":{"start":{"line":91,"column":103},"end":{"line":91,"column":133}},"type":"default-arg","locations":[{"start":{"line":91,"column":129},"end":{"line":91,"column":133}}]},"12":{"loc":{"start":{"line":97,"column":8},"end":{"line":99,"column":9}},"type":"if","locations":[{"start":{"line":97,"column":8},"end":{"line":99,"column":9}},{"start":{},"end":{}}]},"13":{"loc":{"start":{"line":102,"column":31},"end":{"line":102,"column":87}},"type":"default-arg","locations":[{"start":{"line":102,"column":63},"end":{"line":102,"column":87}}]},"14":{"loc":{"start":{"line":102,"column":89},"end":{"line":102,"column":115}},"type":"default-arg","locations":[{"start":{"line":102,"column":110},"end":{"line":102,"column":115}}]},"15":{"loc":{"start":{"line":104,"column":8},"end":{"line":122,"column":9}},"type":"if","locations":[{"start":{"line":104,"column":8},"end":{"line":122,"column":9}},{"start":{"line":113,"column":15},"end":{"line":122,"column":9}}]},"16":{"loc":{"start":{"line":123,"column":8},"end":{"line":128,"column":9}},"type":"if","locations":[{"start":{"line":123,"column":8},"end":{"line":128,"column":9}},{"start":{},"end":{}}]},"17":{"loc":{"start":{"line":143,"column":8},"end":{"line":194,"column":9}},"type":"if","locations":[{"start":{"line":143,"column":8},"end":{"line":194,"column":9}},{"start":{},"end":{}}]},"18":{"loc":{"start":{"line":143,"column":12},"end":{"line":143,"column":51}},"type":"binary-expr","locations":[{"start":{"line":143,"column":12},"end":{"line":143,"column":27}},{"start":{"line":143,"column":31},"end":{"line":143,"column":51}}]},"19":{"loc":{"start":{"line":144,"column":12},"end":{"line":171,"column":13}},"type":"if","locations":[{"start":{"line":144,"column":12},"end":{"line":171,"column":13}},{"start":{"line":156,"column":19},"end":{"line":171,"column":13}}]},"20":{"loc":{"start":{"line":145,"column":16},"end":{"line":155,"column":17}},"type":"if","locations":[{"start":{"line":145,"column":16},"end":{"line":155,"column":17}},{"start":{"line":150,"column":23},"end":{"line":155,"column":17}}]},"21":{"loc":{"start":{"line":156,"column":19},"end":{"line":171,"column":13}},"type":"if","locations":[{"start":{"line":156,"column":19},"end":{"line":171,"column":13}},{"start":{"line":159,"column":19},"end":{"line":171,"column":13}}]},"22":{"loc":{"start":{"line":159,"column":19},"end":{"line":171,"column":13}},"type":"if","locations":[{"start":{"line":159,"column":19},"end":{"line":171,"column":13}},{"start":{"line":162,"column":19},"end":{"line":171,"column":13}}]},"23":{"loc":{"start":{"line":162,"column":19},"end":{"line":171,"column":13}},"type":"if","locations":[{"start":{"line":162,"column":19},"end":{"line":171,"column":13}},{"start":{"line":165,"column":19},"end":{"line":171,"column":13}}]},"24":{"loc":{"start":{"line":165,"column":19},"end":{"line":171,"column":13}},"type":"if","locations":[{"start":{"line":165,"column":19},"end":{"line":171,"column":13}},{"start":{"line":168,"column":19},"end":{"line":171,"column":13}}]},"25":{"loc":{"start":{"line":178,"column":12},"end":{"line":193,"column":13}},"type":"if","locations":[{"start":{"line":178,"column":12},"end":{"line":193,"column":13}},{"start":{"line":181,"column":19},"end":{"line":193,"column":13}}]},"26":{"loc":{"start":{"line":181,"column":19},"end":{"line":193,"column":13}},"type":"if","locations":[{"start":{"line":181,"column":19},"end":{"line":193,"column":13}},{"start":{"line":184,"column":19},"end":{"line":193,"column":13}}]},"27":{"loc":{"start":{"line":184,"column":19},"end":{"line":193,"column":13}},"type":"if","locations":[{"start":{"line":184,"column":19},"end":{"line":193,"column":13}},{"start":{"line":187,"column":19},"end":{"line":193,"column":13}}]},"28":{"loc":{"start":{"line":187,"column":19},"end":{"line":193,"column":13}},"type":"if","locations":[{"start":{"line":187,"column":19},"end":{"line":193,"column":13}},{"start":{"line":190,"column":19},"end":{"line":193,"column":13}}]},"29":{"loc":{"start":{"line":210,"column":8},"end":{"line":283,"column":9}},"type":"if","locations":[{"start":{"line":210,"column":8},"end":{"line":283,"column":9}},{"start":{},"end":{}}]},"30":{"loc":{"start":{"line":210,"column":12},"end":{"line":210,"column":47}},"type":"binary-expr","locations":[{"start":{"line":210,"column":12},"end":{"line":210,"column":25}},{"start":{"line":210,"column":29},"end":{"line":210,"column":47}}]},"31":{"loc":{"start":{"line":211,"column":12},"end":{"line":249,"column":13}},"type":"if","locations":[{"start":{"line":211,"column":12},"end":{"line":249,"column":13}},{"start":{"line":216,"column":19},"end":{"line":249,"column":13}}]},"32":{"loc":{"start":{"line":216,"column":19},"end":{"line":249,"column":13}},"type":"if","locations":[{"start":{"line":216,"column":19},"end":{"line":249,"column":13}},{"start":{"line":219,"column":19},"end":{"line":249,"column":13}}]},"33":{"loc":{"start":{"line":219,"column":19},"end":{"line":249,"column":13}},"type":"if","locations":[{"start":{"line":219,"column":19},"end":{"line":249,"column":13}},{"start":{"line":228,"column":17},"end":{"line":249,"column":13}}]},"34":{"loc":{"start":{"line":220,"column":16},"end":{"line":226,"column":17}},"type":"if","locations":[{"start":{"line":220,"column":16},"end":{"line":226,"column":17}},{"start":{"line":223,"column":23},"end":{"line":226,"column":17}}]},"35":{"loc":{"start":{"line":228,"column":17},"end":{"line":249,"column":13}},"type":"if","locations":[{"start":{"line":228,"column":17},"end":{"line":249,"column":13}},{"start":{"line":237,"column":17},"end":{"line":249,"column":13}}]},"36":{"loc":{"start":{"line":229,"column":16},"end":{"line":235,"column":17}},"type":"if","locations":[{"start":{"line":229,"column":16},"end":{"line":235,"column":17}},{"start":{"line":232,"column":23},"end":{"line":235,"column":17}}]},"37":{"loc":{"start":{"line":237,"column":17},"end":{"line":249,"column":13}},"type":"if","locations":[{"start":{"line":237,"column":17},"end":{"line":249,"column":13}},{"start":{"line":246,"column":17},"end":{"line":249,"column":13}}]},"38":{"loc":{"start":{"line":238,"column":16},"end":{"line":244,"column":17}},"type":"if","locations":[{"start":{"line":238,"column":16},"end":{"line":244,"column":17}},{"start":{"line":241,"column":23},"end":{"line":244,"column":17}}]},"39":{"loc":{"start":{"line":258,"column":12},"end":{"line":282,"column":13}},"type":"if","locations":[{"start":{"line":258,"column":12},"end":{"line":282,"column":13}},{"start":{"line":261,"column":19},"end":{"line":282,"column":13}}]},"40":{"loc":{"start":{"line":261,"column":19},"end":{"line":282,"column":13}},"type":"if","locations":[{"start":{"line":261,"column":19},"end":{"line":282,"column":13}},{"start":{"line":264,"column":19},"end":{"line":282,"column":13}}]},"41":{"loc":{"start":{"line":264,"column":19},"end":{"line":282,"column":13}},"type":"if","locations":[{"start":{"line":264,"column":19},"end":{"line":282,"column":13}},{"start":{"line":267,"column":19},"end":{"line":282,"column":13}}]},"42":{"loc":{"start":{"line":267,"column":19},"end":{"line":282,"column":13}},"type":"if","locations":[{"start":{"line":267,"column":19},"end":{"line":282,"column":13}},{"start":{"line":270,"column":19},"end":{"line":282,"column":13}}]},"43":{"loc":{"start":{"line":270,"column":19},"end":{"line":282,"column":13}},"type":"if","locations":[{"start":{"line":270,"column":19},"end":{"line":282,"column":13}},{"start":{"line":273,"column":19},"end":{"line":282,"column":13}}]},"44":{"loc":{"start":{"line":273,"column":19},"end":{"line":282,"column":13}},"type":"if","locations":[{"start":{"line":273,"column":19},"end":{"line":282,"column":13}},{"start":{"line":276,"column":19},"end":{"line":282,"column":13}}]},"45":{"loc":{"start":{"line":276,"column":19},"end":{"line":282,"column":13}},"type":"if","locations":[{"start":{"line":276,"column":19},"end":{"line":282,"column":13}},{"start":{"line":279,"column":19},"end":{"line":282,"column":13}}]}},"s":{"0":2,"1":2,"2":2,"3":2,"4":10,"5":10,"6":2,"7":2,"8":2,"9":1,"10":1,"11":2,"12":3,"13":3,"14":3,"15":3,"16":3,"17":3,"18":3,"19":3,"20":3,"21":2,"22":0,"23":0,"24":0,"25":1,"26":0,"27":0,"28":0,"29":1,"30":0,"31":1,"32":1,"33":1,"34":8,"35":1,"36":1,"37":1,"38":1,"39":1,"40":0,"41":0,"42":0,"43":0,"44":0,"45":0,"46":0,"47":0,"48":1,"49":1,"50":1,"51":1,"52":1,"53":1,"54":1,"55":1,"56":1,"57":0,"58":0,"59":0,"60":1,"61":2,"62":7,"63":7,"64":7,"65":7,"66":7,"67":7,"68":0,"69":0,"70":0,"71":0,"72":0,"73":0,"74":0,"75":0,"76":0,"77":7,"78":1,"79":1,"80":6,"81":0,"82":0,"83":6,"84":1,"85":1,"86":5,"87":4,"88":4,"89":1,"90":1,"91":7,"92":7,"93":7,"94":7,"95":7,"96":1,"97":1,"98":6,"99":4,"100":4,"101":2,"102":0,"103":0,"104":2,"105":2,"106":2,"107":0,"108":0,"109":2,"110":7,"111":7,"112":7,"113":7,"114":7,"115":7,"116":7,"117":7,"118":0,"119":0,"120":0,"121":0,"122":7,"123":1,"124":1,"125":6,"126":4,"127":0,"128":0,"129":4,"130":4,"131":2,"132":2,"133":0,"134":0,"135":2,"136":2,"137":0,"138":0,"139":0,"140":0,"141":0,"142":0,"143":0,"144":0,"145":7,"146":7,"147":7,"148":7,"149":7,"150":7,"151":0,"152":0,"153":7,"154":0,"155":0,"156":7,"157":4,"158":4,"159":3,"160":2,"161":2,"162":1,"163":1,"164":1,"165":0,"166":0,"167":0,"168":0,"169":0,"170":0,"171":0,"172":0,"173":2},"f":{"0":2,"1":10,"2":3,"3":2,"4":1,"5":8,"6":1,"7":0,"8":7,"9":7},"b":{"0":[1],"1":[0,10],"2":[10,10],"3":[1,1],"4":[0],"5":[0],"6":[0],"7":[0],"8":[0,0,0,1,0,0,0,1,0],"9":[1],"10":[1],"11":[1],"12":[1,0],"13":[0],"14":[0],"15":[0,1],"16":[0,1],"17":[7,0],"18":[7,0],"19":[0,7],"20":[0,0],"21":[1,6],"22":[0,6],"23":[1,5],"24":[4,1],"25":[1,6],"26":[4,2],"27":[0,2],"28":[2,0],"29":[7,0],"30":[7,0],"31":[0,7],"32":[1,6],"33":[4,2],"34":[0,4],"35":[2,0],"36":[0,2],"37":[0,0],"38":[0,0],"39":[0,7],"40":[0,7],"41":[4,3],"42":[2,1],"43":[1,0],"44":[0,0],"45":[0,0]}}
}
