TN:
SF:src/buttons.ts
FN:14,createButtons
FNF:1
FNH:1
FNDA:3,createButtons
DA:1,1
DA:14,1
DA:15,3
DA:16,3
DA:17,3
DA:18,3
DA:20,3
DA:22,3
DA:23,3
DA:24,3
DA:25,3
DA:26,3
DA:28,3
DA:29,3
DA:30,3
DA:31,3
DA:32,3
DA:34,3
DA:35,3
DA:36,3
DA:37,3
DA:53,3
DA:55,3
DA:56,3
DA:57,3
DA:58,3
DA:59,3
DA:61,3
DA:62,3
DA:63,3
DA:64,3
DA:65,3
LF:32
LH:32
BRF:0
BRH:0
end_of_record
TN:
SF:src/enums.ts
FN:5,(anonymous_0)
FN:18,(anonymous_1)
FNF:2
FNH:2
FNDA:2,(anonymous_0)
FNDA:2,(anonymous_1)
DA:5,2
DA:6,2
DA:7,2
DA:8,2
DA:9,2
DA:10,2
DA:11,2
DA:18,2
DA:19,2
DA:20,2
DA:21,2
DA:22,2
DA:23,2
DA:24,2
DA:25,2
DA:26,2
LF:16
LH:16
BRDA:5,0,0,2
BRDA:5,0,1,2
BRDA:18,1,0,2
BRDA:18,1,1,2
BRF:4
BRH:4
end_of_record
TN:
SF:src/icon-factory.ts
FN:13,(anonymous_9)
FNF:1
FNH:0
FNDA:0,(anonymous_9)
DA:1,1
DA:6,1
DA:14,0
DA:15,0
LF:4
LH:2
BRF:0
BRH:0
end_of_record
TN:
SF:src/map-state.ts
FN:11,(anonymous_0)
FN:15,(anonymous_1)
FN:20,(anonymous_2)
FN:34,(anonymous_3)
FN:43,(anonymous_4)
FNF:5
FNH:4
FNDA:10,(anonymous_0)
FNDA:0,(anonymous_1)
FNDA:1,(anonymous_2)
FNDA:1,(anonymous_3)
FNDA:1,(anonymous_4)
DA:7,3
DA:8,10
DA:9,10
DA:16,0
DA:17,0
DA:21,1
DA:22,1
DA:23,0
DA:35,1
DA:36,1
LF:10
LH:7
BRDA:16,0,0,0
BRDA:16,0,1,0
BRDA:21,1,0,1
BRDA:21,1,1,0
BRF:4
BRH:1
end_of_record
TN:
SF:src/polydraw.ts
FN:42,(anonymous_10)
FN:54,(anonymous_11)
FN:60,(anonymous_12)
FN:69,(anonymous_13)
FN:88,(anonymous_14)
FN:103,(anonymous_15)
FN:109,(anonymous_16)
FN:115,(anonymous_17)
FN:120,(anonymous_18)
FN:144,(anonymous_19)
FN:188,(anonymous_20)
FN:201,(anonymous_21)
FN:202,(anonymous_22)
FN:212,(anonymous_23)
FN:213,(anonymous_24)
FN:230,(anonymous_25)
FN:266,(anonymous_26)
FN:272,(anonymous_27)
FN:279,(anonymous_28)
FN:282,(anonymous_29)
FN:291,(anonymous_30)
FN:292,(anonymous_31)
FN:295,(anonymous_32)
FN:296,(anonymous_33)
FN:297,(anonymous_34)
FN:301,(anonymous_35)
FN:312,(anonymous_36)
FN:334,(anonymous_37)
FN:338,(anonymous_38)
FN:347,(anonymous_39)
FN:350,(anonymous_40)
FN:363,(anonymous_41)
FN:367,(anonymous_42)
FN:382,(anonymous_43)
FN:388,(anonymous_44)
FN:399,(anonymous_45)
FN:404,(anonymous_46)
FN:407,(anonymous_47)
FN:412,(anonymous_48)
FN:451,(anonymous_49)
FN:455,(anonymous_50)
FN:459,(anonymous_51)
FN:461,(anonymous_52)
FN:470,(anonymous_53)
FN:473,(anonymous_54)
FN:486,(anonymous_55)
FN:495,(anonymous_56)
FN:496,(anonymous_57)
FN:513,(anonymous_58)
FN:517,(anonymous_59)
FN:531,(anonymous_60)
FN:534,(anonymous_61)
FN:546,(anonymous_62)
FN:574,(anonymous_63)
FN:577,(anonymous_64)
FN:605,(anonymous_65)
FN:612,(anonymous_66)
FN:661,(anonymous_67)
FN:665,(anonymous_68)
FN:670,(anonymous_69)
FN:674,(anonymous_70)
FN:681,(anonymous_71)
FN:689,(anonymous_72)
FN:693,(anonymous_73)
FN:706,(anonymous_74)
FN:711,(anonymous_75)
FN:722,(anonymous_76)
FN:729,(anonymous_77)
FN:734,(anonymous_78)
FN:740,(anonymous_79)
FN:745,(anonymous_80)
FN:820,(anonymous_81)
FN:821,(anonymous_82)
FN:831,(anonymous_83)
FN:834,(anonymous_84)
FN:839,(anonymous_85)
FN:844,(anonymous_86)
FN:847,(anonymous_87)
FN:871,(anonymous_88)
FN:875,(anonymous_89)
FN:890,(anonymous_90)
FN:894,(anonymous_91)
FN:913,(anonymous_92)
FN:920,(anonymous_93)
FN:959,(anonymous_94)
FN:964,(anonymous_95)
FN:967,(anonymous_96)
FN:971,(anonymous_97)
FN:985,(anonymous_98)
FN:990,(anonymous_99)
FN:1064,(anonymous_100)
FN:1071,(anonymous_101)
FN:1080,(anonymous_102)
FN:1098,(anonymous_103)
FN:1113,(anonymous_104)
FN:1156,(anonymous_105)
FN:1163,(anonymous_106)
FNF:97
FNH:5
FNDA:5,(anonymous_10)
FNDA:0,(anonymous_11)
FNDA:0,(anonymous_12)
FNDA:3,(anonymous_13)
FNDA:0,(anonymous_14)
FNDA:0,(anonymous_15)
FNDA:0,(anonymous_16)
FNDA:0,(anonymous_17)
FNDA:0,(anonymous_18)
FNDA:0,(anonymous_19)
FNDA:0,(anonymous_20)
FNDA:0,(anonymous_21)
FNDA:0,(anonymous_22)
FNDA:0,(anonymous_23)
FNDA:0,(anonymous_24)
FNDA:3,(anonymous_25)
FNDA:0,(anonymous_26)
FNDA:0,(anonymous_27)
FNDA:0,(anonymous_28)
FNDA:0,(anonymous_29)
FNDA:0,(anonymous_30)
FNDA:0,(anonymous_31)
FNDA:0,(anonymous_32)
FNDA:0,(anonymous_33)
FNDA:0,(anonymous_34)
FNDA:0,(anonymous_35)
FNDA:0,(anonymous_36)
FNDA:0,(anonymous_37)
FNDA:0,(anonymous_38)
FNDA:0,(anonymous_39)
FNDA:0,(anonymous_40)
FNDA:0,(anonymous_41)
FNDA:0,(anonymous_42)
FNDA:0,(anonymous_43)
FNDA:0,(anonymous_44)
FNDA:0,(anonymous_45)
FNDA:0,(anonymous_46)
FNDA:0,(anonymous_47)
FNDA:0,(anonymous_48)
FNDA:0,(anonymous_49)
FNDA:0,(anonymous_50)
FNDA:0,(anonymous_51)
FNDA:0,(anonymous_52)
FNDA:0,(anonymous_53)
FNDA:0,(anonymous_54)
FNDA:0,(anonymous_55)
FNDA:0,(anonymous_56)
FNDA:0,(anonymous_57)
FNDA:0,(anonymous_58)
FNDA:0,(anonymous_59)
FNDA:0,(anonymous_60)
FNDA:0,(anonymous_61)
FNDA:0,(anonymous_62)
FNDA:0,(anonymous_63)
FNDA:0,(anonymous_64)
FNDA:0,(anonymous_65)
FNDA:0,(anonymous_66)
FNDA:0,(anonymous_67)
FNDA:0,(anonymous_68)
FNDA:0,(anonymous_69)
FNDA:0,(anonymous_70)
FNDA:0,(anonymous_71)
FNDA:0,(anonymous_72)
FNDA:0,(anonymous_73)
FNDA:0,(anonymous_74)
FNDA:0,(anonymous_75)
FNDA:0,(anonymous_76)
FNDA:0,(anonymous_77)
FNDA:0,(anonymous_78)
FNDA:0,(anonymous_79)
FNDA:0,(anonymous_80)
FNDA:0,(anonymous_81)
FNDA:0,(anonymous_82)
FNDA:0,(anonymous_83)
FNDA:0,(anonymous_84)
FNDA:0,(anonymous_85)
FNDA:0,(anonymous_86)
FNDA:0,(anonymous_87)
FNDA:0,(anonymous_88)
FNDA:0,(anonymous_89)
FNDA:0,(anonymous_90)
FNDA:0,(anonymous_91)
FNDA:0,(anonymous_92)
FNDA:0,(anonymous_93)
FNDA:0,(anonymous_94)
FNDA:0,(anonymous_95)
FNDA:0,(anonymous_96)
FNDA:0,(anonymous_97)
FNDA:0,(anonymous_98)
FNDA:0,(anonymous_99)
FNDA:0,(anonymous_100)
FNDA:0,(anonymous_101)
FNDA:0,(anonymous_102)
FNDA:0,(anonymous_103)
FNDA:3,(anonymous_104)
FNDA:4,(anonymous_105)
FNDA:0,(anonymous_106)
DA:5,1
DA:6,1
DA:7,1
DA:8,1
DA:9,1
DA:10,1
DA:11,1
DA:13,1
DA:14,1
DA:15,1
DA:18,1
DA:22,5
DA:23,5
DA:24,5
DA:25,5
DA:26,5
DA:29,5
DA:30,5
DA:32,5
DA:35,5
DA:36,5
DA:38,5
DA:40,5
DA:43,5
DA:44,5
DA:45,5
DA:46,5
DA:49,5
DA:50,5
DA:53,5
DA:54,5
DA:61,0
DA:70,3
DA:71,3
DA:72,3
DA:78,3
DA:79,3
DA:80,3
DA:81,3
DA:83,3
DA:84,3
DA:85,3
DA:86,3
DA:88,3
DA:89,0
DA:90,0
DA:91,0
DA:92,0
DA:93,0
DA:96,0
DA:97,0
DA:98,0
DA:103,3
DA:105,0
DA:106,0
DA:109,3
DA:111,0
DA:112,0
DA:115,3
DA:117,0
DA:120,3
DA:122,0
DA:141,0
DA:144,3
DA:146,0
DA:182,0
DA:185,3
DA:188,3
DA:189,0
DA:190,0
DA:191,0
DA:192,0
DA:195,3
DA:198,3
DA:202,0
DA:203,0
DA:205,0
DA:207,0
DA:209,0
DA:210,0
DA:212,0
DA:213,0
DA:214,0
DA:215,0
DA:217,0
DA:225,0
DA:226,0
DA:232,3
DA:233,3
DA:234,3
DA:235,0
DA:236,0
DA:238,0
DA:239,0
DA:240,0
DA:241,0
DA:244,0
DA:245,0
DA:246,0
DA:248,0
DA:249,0
DA:250,0
DA:253,0
DA:254,0
DA:256,0
DA:257,0
DA:258,0
DA:261,0
DA:262,0
DA:269,0
DA:270,0
DA:275,0
DA:276,0
DA:277,0
DA:280,0
DA:285,0
DA:287,0
DA:288,0
DA:289,0
DA:291,0
DA:292,0
DA:295,0
DA:296,0
DA:297,0
DA:303,0
DA:304,0
DA:306,0
DA:308,0
DA:314,0
DA:316,0
DA:318,0
DA:319,0
DA:321,0
DA:322,0
DA:324,0
DA:325,0
DA:328,0
DA:330,0
DA:335,0
DA:341,0
DA:342,0
DA:344,0
DA:348,0
DA:349,0
DA:350,0
DA:351,0
DA:352,0
DA:353,0
DA:354,0
DA:355,0
DA:356,0
DA:357,0
DA:359,0
DA:360,0
DA:363,0
DA:364,0
DA:370,0
DA:371,0
DA:372,0
DA:373,0
DA:374,0
DA:376,0
DA:380,0
DA:385,0
DA:386,0
DA:387,0
DA:388,0
DA:389,0
DA:390,0
DA:391,0
DA:394,0
DA:395,0
DA:398,0
DA:399,0
DA:401,0
DA:406,0
DA:407,0
DA:408,0
DA:409,0
DA:410,0
DA:412,0
DA:414,0
DA:417,0
DA:418,0
DA:419,0
DA:421,0
DA:423,0
DA:424,0
DA:426,0
DA:433,0
DA:435,0
DA:436,0
DA:438,0
DA:440,0
DA:441,0
DA:442,0
DA:443,0
DA:444,0
DA:445,0
DA:454,0
DA:455,0
DA:457,0
DA:461,0
DA:462,0
DA:465,0
DA:466,0
DA:468,0
DA:471,0
DA:476,0
DA:477,0
DA:479,0
DA:481,0
DA:483,0
DA:487,0
DA:489,0
DA:491,0
DA:492,0
DA:494,0
DA:495,0
DA:496,0
DA:497,0
DA:498,0
DA:500,0
DA:509,0
DA:511,0
DA:513,0
DA:514,0
DA:518,0
DA:519,0
DA:520,0
DA:521,0
DA:525,0
DA:526,0
DA:527,0
DA:529,0
DA:532,0
DA:536,0
DA:537,0
DA:538,0
DA:541,0
DA:542,0
DA:543,0
DA:544,0
DA:546,0
DA:547,0
DA:548,0
DA:549,0
DA:551,0
DA:552,0
DA:554,0
DA:555,0
DA:557,0
DA:563,0
DA:564,0
DA:565,0
DA:566,0
DA:567,0
DA:573,0
DA:574,0
DA:575,0
DA:577,0
DA:578,0
DA:582,0
DA:583,0
DA:584,0
DA:585,0
DA:587,0
DA:589,0
DA:590,0
DA:591,0
DA:592,0
DA:593,0
DA:594,0
DA:597,0
DA:598,0
DA:599,0
DA:600,0
DA:601,0
DA:603,0
DA:604,0
DA:605,0
DA:606,0
DA:613,0
DA:615,0
DA:616,0
DA:618,0
DA:619,0
DA:621,0
DA:622,0
DA:624,0
DA:625,0
DA:627,0
DA:628,0
DA:630,0
DA:631,0
DA:632,0
DA:634,0
DA:635,0
DA:636,0
DA:638,0
DA:639,0
DA:640,0
DA:642,0
DA:643,0
DA:644,0
DA:646,0
DA:647,0
DA:649,0
DA:650,0
DA:651,0
DA:652,0
DA:653,0
DA:654,0
DA:655,0
DA:656,0
DA:657,0
DA:658,0
DA:659,0
DA:661,0
DA:662,0
DA:665,0
DA:666,0
DA:670,0
DA:671,0
DA:674,0
DA:675,0
DA:679,0
DA:682,0
DA:684,0
DA:685,0
DA:687,0
DA:688,0
DA:689,0
DA:690,0
DA:693,0
DA:694,0
DA:697,0
DA:698,0
DA:701,0
DA:702,0
DA:703,0
DA:704,0
DA:705,0
DA:706,0
DA:707,0
DA:709,0
DA:711,0
DA:712,0
DA:717,0
DA:720,0
DA:723,0
DA:724,0
DA:725,0
DA:727,0
DA:730,0
DA:731,0
DA:732,0
DA:735,0
DA:736,0
DA:737,0
DA:738,0
DA:741,0
DA:742,0
DA:743,0
DA:746,0
DA:747,0
DA:748,0
DA:750,0
DA:751,0
DA:753,0
DA:754,0
DA:756,0
DA:757,0
DA:759,0
DA:760,0
DA:762,0
DA:763,0
DA:765,0
DA:766,0
DA:767,0
DA:769,0
DA:771,0
DA:772,0
DA:773,0
DA:774,0
DA:775,0
DA:776,0
DA:778,0
DA:779,0
DA:781,0
DA:782,0
DA:783,0
DA:785,0
DA:786,0
DA:788,0
DA:789,0
DA:790,0
DA:791,0
DA:792,0
DA:793,0
DA:802,0
DA:803,0
DA:804,0
DA:805,0
DA:806,0
DA:807,0
DA:808,0
DA:809,0
DA:810,0
DA:811,0
DA:812,0
DA:813,0
DA:814,0
DA:818,0
DA:821,0
DA:822,0
DA:823,0
DA:829,0
DA:831,0
DA:832,0
DA:834,0
DA:835,0
DA:841,0
DA:842,0
DA:843,0
DA:844,0
DA:845,0
DA:846,0
DA:847,0
DA:848,0
DA:849,0
DA:850,0
DA:851,0
DA:852,0
DA:856,0
DA:857,0
DA:858,0
DA:859,0
DA:860,0
DA:865,0
DA:866,0
DA:868,0
DA:874,0
DA:875,0
DA:876,0
DA:877,0
DA:878,0
DA:879,0
DA:881,0
DA:882,0
DA:884,0
DA:887,0
DA:888,0
DA:892,0
DA:893,0
DA:894,0
DA:895,0
DA:896,0
DA:897,0
DA:898,0
DA:899,0
DA:901,0
DA:903,0
DA:905,0
DA:906,0
DA:907,0
DA:915,0
DA:917,0
DA:918,0
DA:921,0
DA:922,0
DA:923,0
DA:924,0
DA:925,0
DA:926,0
DA:960,0
DA:961,0
DA:962,0
DA:964,0
DA:967,0
DA:974,0
DA:975,0
DA:977,0
DA:979,0
DA:983,0
DA:988,0
DA:991,0
DA:992,0
DA:993,0
DA:994,0
DA:995,0
DA:997,0
DA:998,0
DA:999,0
DA:1000,0
DA:1001,0
DA:1003,0
DA:1004,0
DA:1005,0
DA:1008,0
DA:1009,0
DA:1011,0
DA:1014,0
DA:1015,0
DA:1017,0
DA:1020,0
DA:1022,0
DA:1024,0
DA:1025,0
DA:1027,0
DA:1028,0
DA:1033,0
DA:1034,0
DA:1035,0
DA:1036,0
DA:1038,0
DA:1039,0
DA:1040,0
DA:1041,0
DA:1044,0
DA:1045,0
DA:1049,0
DA:1051,0
DA:1052,0
DA:1055,0
DA:1057,0
DA:1061,0
DA:1065,0
DA:1066,0
DA:1068,0
DA:1070,0
DA:1071,0
DA:1072,0
DA:1075,0
DA:1076,0
DA:1077,0
DA:1079,0
DA:1080,0
DA:1082,0
DA:1085,0
DA:1087,0
DA:1091,0
DA:1093,0
DA:1094,0
DA:1095,0
DA:1097,0
DA:1098,0
DA:1100,0
DA:1104,0
DA:1106,0
DA:1110,0
DA:1114,3
DA:1115,0
DA:1157,4
DA:1163,1
DA:1164,0
DA:1167,1
LF:557
LH:59
BRDA:44,0,0,5
BRDA:44,0,1,5
BRDA:90,1,0,0
BRDA:90,1,1,0
BRDA:92,2,0,0
BRDA:92,2,1,0
BRDA:97,3,0,0
BRDA:97,3,1,0
BRDA:191,4,0,0
BRDA:191,4,1,0
BRDA:192,5,0,0
BRDA:192,5,1,0
BRDA:214,6,0,0
BRDA:214,6,1,0
BRDA:234,7,0,0
BRDA:234,7,1,3
BRDA:236,8,0,0
BRDA:236,8,1,0
BRDA:236,8,2,0
BRDA:275,9,0,0
BRDA:275,9,1,0
BRDA:276,10,0,0
BRDA:276,10,1,0
BRDA:277,11,0,0
BRDA:277,11,1,0
BRDA:285,12,0,0
BRDA:285,12,1,0
BRDA:289,13,0,0
BRDA:289,13,1,0
BRDA:303,14,0,0
BRDA:303,14,1,0
BRDA:319,15,0,0
BRDA:319,15,1,0
BRDA:319,15,2,0
BRDA:338,16,0,0
BRDA:341,17,0,0
BRDA:341,17,1,0
BRDA:341,18,0,0
BRDA:341,18,1,0
BRDA:341,18,2,0
BRDA:341,18,3,0
BRDA:356,19,0,0
BRDA:356,19,1,0
BRDA:370,20,0,0
BRDA:370,20,1,0
BRDA:371,21,0,0
BRDA:371,21,1,0
BRDA:371,22,0,0
BRDA:371,22,1,0
BRDA:373,23,0,0
BRDA:373,23,1,0
BRDA:373,24,0,0
BRDA:373,24,1,0
BRDA:386,25,0,0
BRDA:386,25,1,0
BRDA:389,26,0,0
BRDA:389,26,1,0
BRDA:389,27,0,0
BRDA:389,27,1,0
BRDA:394,28,0,0
BRDA:394,28,1,0
BRDA:394,29,0,0
BRDA:394,29,1,0
BRDA:406,30,0,0
BRDA:406,30,1,0
BRDA:417,31,0,0
BRDA:417,31,1,0
BRDA:418,32,0,0
BRDA:418,32,1,0
BRDA:423,33,0,0
BRDA:423,33,1,0
BRDA:435,34,0,0
BRDA:435,34,1,0
BRDA:435,35,0,0
BRDA:435,35,1,0
BRDA:440,36,0,0
BRDA:440,36,1,0
BRDA:440,37,0,0
BRDA:440,37,1,0
BRDA:476,38,0,0
BRDA:476,38,1,0
BRDA:477,39,0,0
BRDA:477,39,1,0
BRDA:479,40,0,0
BRDA:479,40,1,0
BRDA:481,41,0,0
BRDA:481,41,1,0
BRDA:486,42,0,0
BRDA:489,43,0,0
BRDA:489,43,1,0
BRDA:497,44,0,0
BRDA:497,44,1,0
BRDA:541,45,0,0
BRDA:541,45,1,0
BRDA:548,46,0,0
BRDA:548,46,1,0
BRDA:548,47,0,0
BRDA:548,47,1,0
BRDA:551,48,0,0
BRDA:551,48,1,0
BRDA:551,49,0,0
BRDA:551,49,1,0
BRDA:554,50,0,0
BRDA:554,50,1,0
BRDA:554,51,0,0
BRDA:554,51,1,0
BRDA:560,52,0,0
BRDA:560,52,1,0
BRDA:561,53,0,0
BRDA:561,53,1,0
BRDA:564,54,0,0
BRDA:564,54,1,0
BRDA:564,55,0,0
BRDA:564,55,1,0
BRDA:564,55,2,0
BRDA:566,56,0,0
BRDA:566,56,1,0
BRDA:573,57,0,0
BRDA:573,57,1,0
BRDA:582,58,0,0
BRDA:582,58,1,0
BRDA:582,59,0,0
BRDA:582,59,1,0
BRDA:584,60,0,0
BRDA:584,60,1,0
BRDA:587,61,0,0
BRDA:587,61,1,0
BRDA:587,62,0,0
BRDA:587,62,1,0
BRDA:590,63,0,0
BRDA:590,63,1,0
BRDA:593,64,0,0
BRDA:593,64,1,0
BRDA:593,65,0,0
BRDA:593,65,1,0
BRDA:600,66,0,0
BRDA:600,66,1,0
BRDA:603,67,0,0
BRDA:603,67,1,0
BRDA:603,68,0,0
BRDA:603,68,1,0
BRDA:604,69,0,0
BRDA:604,69,1,0
BRDA:684,70,0,0
BRDA:684,70,1,0
BRDA:684,71,0,0
BRDA:684,71,1,0
BRDA:688,72,0,0
BRDA:688,72,1,0
BRDA:697,73,0,0
BRDA:697,73,1,0
BRDA:701,74,0,0
BRDA:701,74,1,0
BRDA:705,75,0,0
BRDA:705,75,1,0
BRDA:773,76,0,0
BRDA:773,76,1,0
BRDA:776,77,0,0
BRDA:776,77,1,0
BRDA:790,78,0,0
BRDA:790,78,1,0
BRDA:793,79,0,0
BRDA:793,79,1,0
BRDA:827,80,0,0
BRDA:827,80,1,0
BRDA:846,81,0,0
BRDA:846,81,1,0
BRDA:850,82,0,0
BRDA:850,82,1,0
BRDA:858,83,0,0
BRDA:858,83,1,0
BRDA:865,84,0,0
BRDA:865,84,1,0
BRDA:893,85,0,0
BRDA:893,85,1,0
BRDA:898,86,0,0
BRDA:898,86,1,0
BRDA:903,87,0,0
BRDA:903,87,1,0
BRDA:921,88,0,0
BRDA:921,88,1,0
BRDA:923,89,0,0
BRDA:923,89,1,0
BRDA:960,90,0,0
BRDA:960,90,1,0
BRDA:962,91,0,0
BRDA:962,91,1,0
BRDA:974,92,0,0
BRDA:974,92,1,0
BRDA:998,93,0,0
BRDA:998,93,1,0
BRDA:1003,94,0,0
BRDA:1003,94,1,0
BRDA:1004,95,0,0
BRDA:1004,95,1,0
BRDA:1038,96,0,0
BRDA:1038,96,1,0
BRDA:1039,97,0,0
BRDA:1039,97,1,0
BRDA:1070,98,0,0
BRDA:1070,98,1,0
BRDA:1075,99,0,0
BRDA:1075,99,1,0
BRDA:1093,100,0,0
BRDA:1093,100,1,0
BRF:205
BRH:3
end_of_record
TN:
SF:src/polygon-helpers.ts
FN:11,(anonymous_0)
FN:13,(anonymous_1)
FN:20,(anonymous_2)
FN:23,(anonymous_3)
FN:25,(anonymous_4)
FN:26,(anonymous_5)
FN:49,(anonymous_6)
FN:53,(anonymous_7)
FN:73,(anonymous_8)
FN:78,(anonymous_9)
FN:83,(anonymous_10)
FN:92,(anonymous_11)
FN:97,(anonymous_12)
FN:110,(anonymous_13)
FN:117,(anonymous_14)
FNF:15
FNH:0
FNDA:0,(anonymous_0)
FNDA:0,(anonymous_1)
FNDA:0,(anonymous_2)
FNDA:0,(anonymous_3)
FNDA:0,(anonymous_4)
FNDA:0,(anonymous_5)
FNDA:0,(anonymous_6)
FNDA:0,(anonymous_7)
FNDA:0,(anonymous_8)
FNDA:0,(anonymous_9)
FNDA:0,(anonymous_10)
FNDA:0,(anonymous_11)
FNDA:0,(anonymous_12)
FNDA:0,(anonymous_13)
FNDA:0,(anonymous_14)
DA:1,2
DA:6,2
DA:7,0
DA:8,0
DA:9,0
DA:10,0
DA:13,0
DA:14,0
DA:15,0
DA:16,0
DA:17,0
DA:21,0
DA:25,0
DA:26,0
DA:31,0
DA:32,0
DA:33,0
DA:34,0
DA:36,0
DA:39,0
DA:40,0
DA:43,0
DA:45,0
DA:47,0
DA:50,0
DA:51,0
DA:54,0
DA:55,0
DA:63,2
DA:64,0
DA:65,0
DA:66,0
DA:67,0
DA:68,0
DA:69,0
DA:70,0
DA:74,0
DA:75,0
DA:79,0
DA:80,0
DA:84,0
DA:85,0
DA:86,0
DA:87,0
DA:89,0
DA:93,0
DA:94,0
DA:98,0
DA:99,0
DA:101,0
DA:102,0
DA:103,0
DA:104,0
DA:105,0
DA:111,0
DA:112,0
DA:113,0
DA:118,0
LF:58
LH:3
BRDA:31,0,0,0
BRDA:31,0,1,0
BRDA:33,1,0,0
BRDA:33,1,1,0
BRDA:43,2,0,0
BRDA:43,2,1,0
BRDA:97,3,0,0
BRDA:98,4,0,0
BRDA:98,4,1,0
BRDA:101,5,0,0
BRDA:101,5,1,0
BRDA:104,6,0,0
BRDA:104,6,1,0
BRDA:111,7,0,0
BRDA:111,7,1,0
BRF:15
BRH:0
end_of_record
TN:
SF:src/polygon-information.service.ts
FN:13,(anonymous_0)
FN:15,(anonymous_1)
FN:19,(anonymous_2)
FN:25,(anonymous_3)
FN:29,(anonymous_4)
FN:40,(anonymous_5)
FN:47,(anonymous_6)
FN:50,(anonymous_7)
FN:51,(anonymous_8)
FN:76,(anonymous_9)
FN:81,(anonymous_10)
FN:82,(anonymous_11)
FN:89,(anonymous_12)
FN:95,(anonymous_13)
FN:96,(anonymous_14)
FN:115,(anonymous_15)
FN:119,(anonymous_16)
FN:123,(anonymous_17)
FNF:18
FNH:8
FNDA:8,(anonymous_0)
FNDA:5,(anonymous_1)
FNDA:1,(anonymous_2)
FNDA:0,(anonymous_3)
FNDA:0,(anonymous_4)
FNDA:1,(anonymous_5)
FNDA:0,(anonymous_6)
FNDA:0,(anonymous_7)
FNDA:0,(anonymous_8)
FNDA:1,(anonymous_9)
FNDA:0,(anonymous_10)
FNDA:0,(anonymous_11)
FNDA:0,(anonymous_12)
FNDA:0,(anonymous_13)
FNDA:0,(anonymous_14)
FNDA:1,(anonymous_15)
FNDA:1,(anonymous_16)
FNDA:1,(anonymous_17)
DA:1,2
DA:7,2
DA:8,8
DA:9,8
DA:11,8
DA:13,8
DA:16,5
DA:20,1
DA:21,0
DA:26,0
DA:30,0
DA:31,0
DA:42,1
DA:44,1
DA:45,0
DA:47,0
DA:48,0
DA:50,0
DA:51,0
DA:52,0
DA:54,0
DA:55,0
DA:58,0
DA:62,0
DA:72,1
DA:73,1
DA:77,1
DA:82,0
DA:83,0
DA:84,0
DA:85,0
DA:90,0
DA:95,0
DA:96,0
DA:97,0
DA:98,0
DA:99,0
DA:100,0
DA:101,0
DA:102,0
DA:106,0
DA:108,0
DA:109,0
DA:116,1
DA:122,1
DA:123,1
DA:124,1
DA:125,1
DA:126,0
DA:127,0
DA:128,0
DA:132,1
LF:52
LH:19
BRDA:44,0,0,0
BRDA:44,0,1,1
BRDA:54,1,0,0
BRDA:54,1,1,0
BRDA:54,2,0,0
BRDA:54,2,1,0
BRDA:83,3,0,0
BRDA:83,3,1,0
BRDA:97,4,0,0
BRDA:97,4,1,0
BRDA:108,5,0,0
BRDA:108,5,1,0
BRDA:122,6,0,1
BRDA:122,6,1,0
BRDA:125,7,0,0
BRDA:125,7,1,1
BRF:16
BRH:3
end_of_record
TN:
SF:src/polygon.util.ts
FN:15,(anonymous_9)
FN:21,(anonymous_10)
FN:45,(anonymous_11)
FN:49,(anonymous_12)
FN:53,(anonymous_13)
FN:57,(anonymous_14)
FN:61,(anonymous_15)
FN:65,(anonymous_16)
FN:69,(anonymous_17)
FN:73,(anonymous_18)
FN:77,(anonymous_19)
FN:85,(anonymous_20)
FN:93,(anonymous_21)
FN:94,(anonymous_22)
FN:95,(anonymous_23)
FN:98,(anonymous_24)
FN:98,(anonymous_25)
FN:100,(anonymous_26)
FN:114,(anonymous_27)
FN:117,(anonymous_28)
FNF:20
FNH:16
FNDA:1,(anonymous_9)
FNDA:5,(anonymous_10)
FNDA:1,(anonymous_11)
FNDA:1,(anonymous_12)
FNDA:1,(anonymous_13)
FNDA:1,(anonymous_14)
FNDA:0,(anonymous_15)
FNDA:0,(anonymous_16)
FNDA:0,(anonymous_17)
FNDA:0,(anonymous_18)
FNDA:1,(anonymous_19)
FNDA:1,(anonymous_20)
FNDA:1,(anonymous_21)
FNDA:5,(anonymous_22)
FNDA:11,(anonymous_23)
FNDA:4,(anonymous_24)
FNDA:4,(anonymous_25)
FNDA:1,(anonymous_26)
FNDA:5,(anonymous_27)
FNDA:25,(anonymous_28)
DA:2,3
DA:3,3
DA:9,3
DA:16,1
DA:17,1
DA:18,1
DA:19,1
DA:21,1
DA:22,5
DA:23,5
DA:24,5
DA:25,5
DA:26,5
DA:27,5
DA:28,5
DA:31,1
DA:32,1
DA:33,1
DA:34,1
DA:35,1
DA:36,1
DA:38,1
DA:46,1
DA:47,1
DA:50,1
DA:51,1
DA:54,1
DA:55,1
DA:58,1
DA:59,1
DA:62,0
DA:63,0
DA:66,0
DA:67,0
DA:70,0
DA:71,0
DA:74,0
DA:75,0
DA:78,1
DA:79,1
DA:81,1
DA:83,1
DA:86,1
DA:87,1
DA:89,1
DA:91,1
DA:94,1
DA:95,11
DA:98,4
DA:102,1
DA:103,1
DA:105,1
DA:107,1
DA:112,1
DA:115,5
DA:117,5
DA:118,25
DA:120,25
DA:123,5
DA:124,5
DA:126,5
LF:61
LH:53
BRDA:95,0,0,11
BRDA:95,0,1,7
BRDA:118,1,0,0
BRDA:118,1,1,25
BRDA:118,2,0,25
BRDA:118,2,1,25
BRF:6
BRH:5
end_of_record
TN:
SF:src/turf-helper.ts
FN:16,(anonymous_10)
FN:20,(anonymous_11)
FN:25,(anonymous_12)
FN:27,(anonymous_13)
FN:31,(anonymous_14)
FN:49,(anonymous_15)
FN:59,(anonymous_16)
FN:63,(anonymous_17)
FN:66,(anonymous_18)
FN:72,(anonymous_19)
FN:76,(anonymous_20)
FN:81,(anonymous_21)
FN:85,(anonymous_22)
FN:90,(anonymous_23)
FN:113,(anonymous_24)
FN:117,(anonymous_25)
FN:121,(anonymous_26)
FN:130,(anonymous_27)
FN:134,(anonymous_28)
FN:141,(anonymous_29)
FN:146,(anonymous_30)
FN:152,(anonymous_31)
FN:158,(anonymous_32)
FN:163,(anonymous_33)
FN:168,(anonymous_34)
FN:173,(anonymous_35)
FN:175,(anonymous_36)
FN:183,(anonymous_37)
FN:188,(anonymous_38)
FN:193,(anonymous_39)
FN:206,(anonymous_40)
FNF:31
FNH:2
FNDA:7,(anonymous_10)
FNDA:0,(anonymous_11)
FNDA:0,(anonymous_12)
FNDA:0,(anonymous_13)
FNDA:0,(anonymous_14)
FNDA:0,(anonymous_15)
FNDA:0,(anonymous_16)
FNDA:0,(anonymous_17)
FNDA:0,(anonymous_18)
FNDA:0,(anonymous_19)
FNDA:0,(anonymous_20)
FNDA:0,(anonymous_21)
FNDA:0,(anonymous_22)
FNDA:0,(anonymous_23)
FNDA:0,(anonymous_24)
FNDA:0,(anonymous_25)
FNDA:0,(anonymous_26)
FNDA:0,(anonymous_27)
FNDA:0,(anonymous_28)
FNDA:0,(anonymous_29)
FNDA:0,(anonymous_30)
FNDA:0,(anonymous_31)
FNDA:0,(anonymous_32)
FNDA:0,(anonymous_33)
FNDA:1,(anonymous_34)
FNDA:0,(anonymous_35)
FNDA:0,(anonymous_36)
FNDA:0,(anonymous_37)
FNDA:0,(anonymous_38)
FNDA:0,(anonymous_39)
FNDA:0,(anonymous_40)
DA:1,2
DA:3,2
DA:6,2
DA:7,2
DA:13,2
DA:14,7
DA:17,7
DA:21,0
DA:22,0
DA:26,0
DA:27,0
DA:28,0
DA:32,0
DA:33,0
DA:34,0
DA:35,0
DA:36,0
DA:38,0
DA:39,0
DA:40,0
DA:41,0
DA:42,0
DA:43,0
DA:45,0
DA:51,0
DA:52,0
DA:54,0
DA:56,0
DA:60,0
DA:64,0
DA:65,0
DA:66,0
DA:67,0
DA:69,0
DA:73,0
DA:77,0
DA:78,0
DA:82,0
DA:83,0
DA:84,0
DA:85,0
DA:86,0
DA:87,0
DA:89,0
DA:90,0
DA:91,0
DA:92,0
DA:94,0
DA:95,0
DA:96,0
DA:97,0
DA:98,0
DA:99,0
DA:100,0
DA:101,0
DA:103,0
DA:104,0
DA:110,0
DA:114,0
DA:118,0
DA:122,0
DA:135,0
DA:136,0
DA:138,0
DA:142,0
DA:143,0
DA:149,0
DA:154,0
DA:155,0
DA:160,0
DA:164,0
DA:165,0
DA:169,1
DA:170,1
DA:174,0
DA:175,0
DA:176,0
DA:177,0
DA:179,0
DA:180,0
DA:184,0
DA:185,0
DA:189,0
DA:190,0
DA:194,0
DA:195,0
DA:196,0
DA:197,0
DA:198,0
DA:199,0
DA:200,0
DA:201,0
DA:203,0
DA:207,0
DA:209,0
DA:210,0
DA:211,0
DA:212,0
LF:98
LH:9
BRDA:31,0,0,0
BRDA:34,1,0,0
BRDA:34,1,1,0
BRDA:41,2,0,0
BRDA:41,2,1,0
BRDA:51,3,0,0
BRDA:51,3,1,0
BRDA:96,4,0,0
BRDA:96,4,1,0
BRDA:98,5,0,0
BRDA:98,5,1,0
BRDA:100,6,0,0
BRDA:100,6,1,0
BRDA:103,7,0,0
BRDA:103,7,1,0
BRF:15
BRH:0
end_of_record
TN:
SF:src/utils.ts
FN:29,(anonymous_9)
FN:31,(anonymous_10)
FN:59,(anonymous_11)
FN:69,(anonymous_12)
FN:91,(anonymous_13)
FN:94,(anonymous_14)
FN:102,(anonymous_15)
FN:125,(anonymous_16)
FN:142,(anonymous_17)
FN:207,(anonymous_18)
FNF:10
FNH:9
FNDA:2,(anonymous_9)
FNDA:10,(anonymous_10)
FNDA:3,(anonymous_11)
FNDA:2,(anonymous_12)
FNDA:1,(anonymous_13)
FNDA:8,(anonymous_14)
FNDA:1,(anonymous_15)
FNDA:0,(anonymous_16)
FNDA:7,(anonymous_17)
FNDA:7,(anonymous_18)
DA:1,2
DA:2,2
DA:22,2
DA:30,2
DA:31,2
DA:32,10
DA:34,10
DA:36,2
DA:37,2
DA:38,2
DA:39,1
DA:41,1
DA:48,2
DA:49,3
DA:60,3
DA:61,3
DA:62,3
DA:63,3
DA:64,3
DA:65,3
DA:66,3
DA:67,3
DA:70,2
DA:72,0
DA:74,0
DA:76,0
DA:78,1
DA:80,0
DA:82,0
DA:84,0
DA:86,1
DA:88,0
DA:92,1
DA:93,1
DA:94,1
DA:95,8
DA:97,1
DA:98,1
DA:100,1
DA:103,1
DA:104,1
DA:105,0
DA:106,0
DA:107,0
DA:108,0
DA:109,0
DA:110,0
DA:111,0
DA:112,0
DA:114,1
DA:115,1
DA:116,1
DA:117,1
DA:118,1
DA:119,1
DA:120,1
DA:121,1
DA:123,1
DA:124,0
DA:125,0
DA:126,0
DA:129,1
DA:136,2
DA:137,7
DA:138,7
DA:139,7
DA:140,7
DA:143,7
DA:144,7
DA:145,0
DA:146,0
DA:147,0
DA:148,0
DA:149,0
DA:151,0
DA:152,0
DA:153,0
DA:154,0
DA:156,7
DA:157,1
DA:158,1
DA:159,6
DA:160,0
DA:161,0
DA:162,6
DA:163,1
DA:164,1
DA:165,5
DA:166,4
DA:167,4
DA:169,1
DA:170,1
DA:173,7
DA:174,7
DA:175,7
DA:176,7
DA:178,7
DA:179,1
DA:180,1
DA:181,6
DA:182,4
DA:183,4
DA:184,2
DA:185,0
DA:186,0
DA:187,2
DA:188,2
DA:189,2
DA:191,0
DA:192,0
DA:201,2
DA:202,7
DA:203,7
DA:204,7
DA:205,7
DA:208,7
DA:209,7
DA:210,7
DA:211,7
DA:212,0
DA:213,0
DA:214,0
DA:215,0
DA:216,7
DA:217,1
DA:218,1
DA:219,6
DA:220,4
DA:221,0
DA:222,0
DA:224,4
DA:225,4
DA:228,2
DA:229,2
DA:230,0
DA:231,0
DA:233,2
DA:234,2
DA:237,0
DA:238,0
DA:239,0
DA:240,0
DA:242,0
DA:243,0
DA:247,0
DA:248,0
DA:252,7
DA:253,7
DA:254,7
DA:255,7
DA:256,7
DA:258,7
DA:259,0
DA:260,0
DA:261,7
DA:262,0
DA:263,0
DA:264,7
DA:265,4
DA:266,4
DA:267,3
DA:268,2
DA:269,2
DA:270,1
DA:271,1
DA:272,1
DA:273,0
DA:274,0
DA:275,0
DA:276,0
DA:277,0
DA:278,0
DA:280,0
DA:281,0
LF:174
LH:113
BRDA:29,0,0,1
BRDA:32,1,0,0
BRDA:32,1,1,10
BRDA:32,2,0,10
BRDA:32,2,1,10
BRDA:38,3,0,1
BRDA:38,3,1,1
BRDA:59,4,0,0
BRDA:59,5,0,0
BRDA:59,6,0,0
BRDA:59,7,0,0
BRDA:70,8,0,0
BRDA:70,8,1,0
BRDA:70,8,2,0
BRDA:70,8,3,1
BRDA:70,8,4,0
BRDA:70,8,5,0
BRDA:70,8,6,0
BRDA:70,8,7,1
BRDA:70,8,8,0
BRDA:91,9,0,1
BRDA:91,10,0,1
BRDA:91,11,0,1
BRDA:97,12,0,1
BRDA:97,12,1,0
BRDA:102,13,0,0
BRDA:102,14,0,0
BRDA:104,15,0,0
BRDA:104,15,1,1
BRDA:123,16,0,0
BRDA:123,16,1,1
BRDA:143,17,0,7
BRDA:143,17,1,0
BRDA:143,18,0,7
BRDA:143,18,1,0
BRDA:144,19,0,0
BRDA:144,19,1,7
BRDA:145,20,0,0
BRDA:145,20,1,0
BRDA:156,21,0,1
BRDA:156,21,1,6
BRDA:159,22,0,0
BRDA:159,22,1,6
BRDA:162,23,0,1
BRDA:162,23,1,5
BRDA:165,24,0,4
BRDA:165,24,1,1
BRDA:178,25,0,1
BRDA:178,25,1,6
BRDA:181,26,0,4
BRDA:181,26,1,2
BRDA:184,27,0,0
BRDA:184,27,1,2
BRDA:187,28,0,2
BRDA:187,28,1,0
BRDA:210,29,0,7
BRDA:210,29,1,0
BRDA:210,30,0,7
BRDA:210,30,1,0
BRDA:211,31,0,0
BRDA:211,31,1,7
BRDA:216,32,0,1
BRDA:216,32,1,6
BRDA:219,33,0,4
BRDA:219,33,1,2
BRDA:220,34,0,0
BRDA:220,34,1,4
BRDA:228,35,0,2
BRDA:228,35,1,0
BRDA:229,36,0,0
BRDA:229,36,1,2
BRDA:237,37,0,0
BRDA:237,37,1,0
BRDA:238,38,0,0
BRDA:238,38,1,0
BRDA:258,39,0,0
BRDA:258,39,1,7
BRDA:261,40,0,0
BRDA:261,40,1,7
BRDA:264,41,0,4
BRDA:264,41,1,3
BRDA:267,42,0,2
BRDA:267,42,1,1
BRDA:270,43,0,1
BRDA:270,43,1,0
BRDA:273,44,0,0
BRDA:273,44,1,0
BRDA:276,45,0,0
BRDA:276,45,1,0
BRF:89
BRH:47
end_of_record
